ARM GAS  C:\Users\ecsa\AppData\Local\Temp\cc3TWlEO.s 			page 1


   1              		.syntax unified
   2              		.cpu cortex-m3
   3              		.fpu softvfp
   4              		.eabi_attribute 20, 1
   5              		.eabi_attribute 21, 1
   6              		.eabi_attribute 23, 3
   7              		.eabi_attribute 24, 1
   8              		.eabi_attribute 25, 1
   9              		.eabi_attribute 26, 1
  10              		.eabi_attribute 30, 6
  11              		.eabi_attribute 34, 1
  12              		.eabi_attribute 18, 4
  13              		.thumb
  14              		.syntax unified
  15              		.file	"cymetadata.c"
  16              		.text
  17              	.Ltext0:
  18              		.cfi_sections	.debug_frame
  19              		.global	cy_meta_configecc
  20              		.section	.cyconfigecc,"a",%progbits
  21              		.align	2
  22              		.type	cy_meta_configecc, %object
  23              		.size	cy_meta_configecc, 1200
  24              	cy_meta_configecc:
  25 0000 02       		.byte	2
  26 0001 4F       		.byte	79
  27 0002 00       		.byte	0
  28 0003 40       		.byte	64
  29 0004 02       		.byte	2
  30 0005 52       		.byte	82
  31 0006 00       		.byte	0
  32 0007 40       		.byte	64
  33 0008 01       		.byte	1
  34 0009 5A       		.byte	90
  35 000a 00       		.byte	0
  36 000b 40       		.byte	64
  37 000c 01       		.byte	1
  38 000d 64       		.byte	100
  39 000e 00       		.byte	0
  40 000f 40       		.byte	64
  41 0010 02       		.byte	2
  42 0011 65       		.byte	101
  43 0012 00       		.byte	0
  44 0013 40       		.byte	64
  45 0014 01       		.byte	1
  46 0015 05       		.byte	5
  47 0016 01       		.byte	1
  48 0017 40       		.byte	64
  49 0018 4A       		.byte	74
  50 0019 08       		.byte	8
  51 001a 01       		.byte	1
  52 001b 40       		.byte	64
  53 001c 32       		.byte	50
  54 001d 09       		.byte	9
  55 001e 01       		.byte	1
  56 001f 40       		.byte	64
  57 0020 02       		.byte	2
ARM GAS  C:\Users\ecsa\AppData\Local\Temp\cc3TWlEO.s 			page 2


  58 0021 0B       		.byte	11
  59 0022 01       		.byte	1
  60 0023 40       		.byte	64
  61 0024 04       		.byte	4
  62 0025 0C       		.byte	12
  63 0026 01       		.byte	1
  64 0027 40       		.byte	64
  65 0028 02       		.byte	2
  66 0029 0D       		.byte	13
  67 002a 01       		.byte	1
  68 002b 40       		.byte	64
  69 002c 02       		.byte	2
  70 002d 15       		.byte	21
  71 002e 01       		.byte	1
  72 002f 40       		.byte	64
  73 0030 01       		.byte	1
  74 0031 17       		.byte	23
  75 0032 01       		.byte	1
  76 0033 40       		.byte	64
  77 0034 4F       		.byte	79
  78 0035 18       		.byte	24
  79 0036 01       		.byte	1
  80 0037 40       		.byte	64
  81 0038 43       		.byte	67
  82 0039 19       		.byte	25
  83 003a 01       		.byte	1
  84 003b 40       		.byte	64
  85 003c 56       		.byte	86
  86 003d 1A       		.byte	26
  87 003e 01       		.byte	1
  88 003f 40       		.byte	64
  89 0040 4F       		.byte	79
  90 0041 1B       		.byte	27
  91 0042 01       		.byte	1
  92 0043 40       		.byte	64
  93 0044 05       		.byte	5
  94 0045 40       		.byte	64
  95 0046 01       		.byte	1
  96 0047 40       		.byte	64
  97 0048 02       		.byte	2
  98 0049 41       		.byte	65
  99 004a 01       		.byte	1
 100 004b 40       		.byte	64
 101 004c 09       		.byte	9
 102 004d 42       		.byte	66
 103 004e 01       		.byte	1
 104 004f 40       		.byte	64
 105 0050 01       		.byte	1
 106 0051 43       		.byte	67
 107 0052 01       		.byte	1
 108 0053 40       		.byte	64
 109 0054 02       		.byte	2
 110 0055 44       		.byte	68
 111 0056 01       		.byte	1
 112 0057 40       		.byte	64
 113 0058 03       		.byte	3
 114 0059 45       		.byte	69
ARM GAS  C:\Users\ecsa\AppData\Local\Temp\cc3TWlEO.s 			page 3


 115 005a 01       		.byte	1
 116 005b 40       		.byte	64
 117 005c 07       		.byte	7
 118 005d 46       		.byte	70
 119 005e 01       		.byte	1
 120 005f 40       		.byte	64
 121 0060 03       		.byte	3
 122 0061 47       		.byte	71
 123 0062 01       		.byte	1
 124 0063 40       		.byte	64
 125 0064 04       		.byte	4
 126 0065 48       		.byte	72
 127 0066 01       		.byte	1
 128 0067 40       		.byte	64
 129 0068 07       		.byte	7
 130 0069 49       		.byte	73
 131 006a 01       		.byte	1
 132 006b 40       		.byte	64
 133 006c 05       		.byte	5
 134 006d 4C       		.byte	76
 135 006e 01       		.byte	1
 136 006f 40       		.byte	64
 137 0070 0A       		.byte	10
 138 0071 4D       		.byte	77
 139 0072 01       		.byte	1
 140 0073 40       		.byte	64
 141 0074 04       		.byte	4
 142 0075 50       		.byte	80
 143 0076 01       		.byte	1
 144 0077 40       		.byte	64
 145 0078 02       		.byte	2
 146 0079 51       		.byte	81
 147 007a 01       		.byte	1
 148 007b 40       		.byte	64
 149 007c 01       		.byte	1
 150 007d 10       		.byte	16
 151 007e 0A       		.byte	10
 152 007f 4B       		.byte	75
 153 0080 61       		.byte	97
 154 0081 80       		.byte	-128
 155 0082 64       		.byte	100
 156 0083 40       		.byte	64
 157 0084 97       		.byte	-105
 158 0085 01       		.byte	1
 159 0086 89       		.byte	-119
 160 0087 72       		.byte	114
 161 0088 88       		.byte	-120
 162 0089 0F       		.byte	15
 163 008a 8A       		.byte	-118
 164 008b 38       		.byte	56
 165 008c EA       		.byte	-22
 166 008d 08       		.byte	8
 167 008e 03       		.byte	3
 168 008f 02       		.byte	2
 169 0090 05       		.byte	5
 170 0091 01       		.byte	1
 171 0092 09       		.byte	9
ARM GAS  C:\Users\ecsa\AppData\Local\Temp\cc3TWlEO.s 			page 4


 172 0093 01       		.byte	1
 173 0094 11       		.byte	17
 174 0095 01       		.byte	1
 175 0096 15       		.byte	21
 176 0097 06       		.byte	6
 177 0098 25       		.byte	37
 178 0099 06       		.byte	6
 179 009a 29       		.byte	41
 180 009b 04       		.byte	4
 181 009c 2D       		.byte	45
 182 009d 01       		.byte	1
 183 009e 33       		.byte	51
 184 009f 06       		.byte	6
 185 00a0 35       		.byte	53
 186 00a1 01       		.byte	1
 187 00a2 39       		.byte	57
 188 00a3 08       		.byte	8
 189 00a4 3F       		.byte	63
 190 00a5 14       		.byte	20
 191 00a6 40       		.byte	64
 192 00a7 02       		.byte	2
 193 00a8 47       		.byte	71
 194 00a9 40       		.byte	64
 195 00aa 49       		.byte	73
 196 00ab FF       		.byte	-1
 197 00ac 4A       		.byte	74
 198 00ad 07       		.byte	7
 199 00ae 4B       		.byte	75
 200 00af FF       		.byte	-1
 201 00b0 4C       		.byte	76
 202 00b1 40       		.byte	64
 203 00b2 4D       		.byte	77
 204 00b3 20       		.byte	32
 205 00b4 4E       		.byte	78
 206 00b5 F0       		.byte	-16
 207 00b6 4F       		.byte	79
 208 00b7 05       		.byte	5
 209 00b8 50       		.byte	80
 210 00b9 08       		.byte	8
 211 00ba 59       		.byte	89
 212 00bb 04       		.byte	4
 213 00bc 5A       		.byte	90
 214 00bd 04       		.byte	4
 215 00be 5D       		.byte	93
 216 00bf 02       		.byte	2
 217 00c0 5F       		.byte	95
 218 00c1 01       		.byte	1
 219 00c2 60       		.byte	96
 220 00c3 40       		.byte	64
 221 00c4 61       		.byte	97
 222 00c5 A8       		.byte	-88
 223 00c6 62       		.byte	98
 224 00c7 40       		.byte	64
 225 00c8 63       		.byte	99
 226 00c9 20       		.byte	32
 227 00ca 80       		.byte	-128
 228 00cb 01       		.byte	1
ARM GAS  C:\Users\ecsa\AppData\Local\Temp\cc3TWlEO.s 			page 5


 229 00cc 81       		.byte	-127
 230 00cd 10       		.byte	16
 231 00ce 84       		.byte	-124
 232 00cf 0C       		.byte	12
 233 00d0 85       		.byte	-123
 234 00d1 18       		.byte	24
 235 00d2 86       		.byte	-122
 236 00d3 02       		.byte	2
 237 00d4 88       		.byte	-120
 238 00d5 01       		.byte	1
 239 00d6 89       		.byte	-119
 240 00d7 08       		.byte	8
 241 00d8 8C       		.byte	-116
 242 00d9 0E       		.byte	14
 243 00da 8D       		.byte	-115
 244 00db DC       		.byte	-36
 245 00dc 8F       		.byte	-113
 246 00dd 21       		.byte	33
 247 00de 92       		.byte	-110
 248 00df 02       		.byte	2
 249 00e0 93       		.byte	-109
 250 00e1 E3       		.byte	-29
 251 00e2 94       		.byte	-108
 252 00e3 02       		.byte	2
 253 00e4 95       		.byte	-107
 254 00e5 E7       		.byte	-25
 255 00e6 96       		.byte	-106
 256 00e7 0C       		.byte	12
 257 00e8 97       		.byte	-105
 258 00e9 18       		.byte	24
 259 00ea 99       		.byte	-103
 260 00eb C0       		.byte	-64
 261 00ec 9C       		.byte	-100
 262 00ed 0C       		.byte	12
 263 00ee 9D       		.byte	-99
 264 00ef 80       		.byte	-128
 265 00f0 9E       		.byte	-98
 266 00f1 02       		.byte	2
 267 00f2 A0       		.byte	-96
 268 00f3 08       		.byte	8
 269 00f4 A1       		.byte	-95
 270 00f5 FF       		.byte	-1
 271 00f6 A4       		.byte	-92
 272 00f7 04       		.byte	4
 273 00f8 A5       		.byte	-91
 274 00f9 3C       		.byte	60
 275 00fa A7       		.byte	-89
 276 00fb C2       		.byte	-62
 277 00fc A8       		.byte	-88
 278 00fd 0C       		.byte	12
 279 00fe A9       		.byte	-87
 280 00ff 44       		.byte	68
 281 0100 AC       		.byte	-84
 282 0101 01       		.byte	1
 283 0102 AF       		.byte	-81
 284 0103 04       		.byte	4
 285 0104 B1       		.byte	-79
ARM GAS  C:\Users\ecsa\AppData\Local\Temp\cc3TWlEO.s 			page 6


 286 0105 38       		.byte	56
 287 0106 B3       		.byte	-77
 288 0107 D8       		.byte	-40
 289 0108 B4       		.byte	-76
 290 0109 01       		.byte	1
 291 010a B5       		.byte	-75
 292 010b 1F       		.byte	31
 293 010c B6       		.byte	-74
 294 010d 0E       		.byte	14
 295 010e BA       		.byte	-70
 296 010f 80       		.byte	-128
 297 0110 BB       		.byte	-69
 298 0111 28       		.byte	40
 299 0112 D6       		.byte	-42
 300 0113 02       		.byte	2
 301 0114 D7       		.byte	-41
 302 0115 12       		.byte	18
 303 0116 D8       		.byte	-40
 304 0117 04       		.byte	4
 305 0118 D9       		.byte	-39
 306 0119 04       		.byte	4
 307 011a DB       		.byte	-37
 308 011b 04       		.byte	4
 309 011c DC       		.byte	-36
 310 011d 22       		.byte	34
 311 011e DD       		.byte	-35
 312 011f 20       		.byte	32
 313 0120 DF       		.byte	-33
 314 0121 01       		.byte	1
 315 0122 00       		.byte	0
 316 0123 24       		.byte	36
 317 0124 01       		.byte	1
 318 0125 02       		.byte	2
 319 0126 03       		.byte	3
 320 0127 01       		.byte	1
 321 0128 09       		.byte	9
 322 0129 02       		.byte	2
 323 012a 0A       		.byte	10
 324 012b 01       		.byte	1
 325 012c 0B       		.byte	11
 326 012d 10       		.byte	16
 327 012e 10       		.byte	16
 328 012f 8A       		.byte	-118
 329 0130 13       		.byte	19
 330 0131 08       		.byte	8
 331 0132 19       		.byte	25
 332 0133 80       		.byte	-128
 333 0134 1A       		.byte	26
 334 0135 05       		.byte	5
 335 0136 20       		.byte	32
 336 0137 44       		.byte	68
 337 0138 21       		.byte	33
 338 0139 08       		.byte	8
 339 013a 23       		.byte	35
 340 013b 14       		.byte	20
 341 013c 27       		.byte	39
 342 013d 24       		.byte	36
ARM GAS  C:\Users\ecsa\AppData\Local\Temp\cc3TWlEO.s 			page 7


 343 013e 29       		.byte	41
 344 013f 01       		.byte	1
 345 0140 2A       		.byte	42
 346 0141 28       		.byte	40
 347 0142 2B       		.byte	43
 348 0143 02       		.byte	2
 349 0144 2D       		.byte	45
 350 0145 C0       		.byte	-64
 351 0146 2F       		.byte	47
 352 0147 14       		.byte	20
 353 0148 31       		.byte	49
 354 0149 0A       		.byte	10
 355 014a 32       		.byte	50
 356 014b 10       		.byte	16
 357 014c 33       		.byte	51
 358 014d 80       		.byte	-128
 359 014e 35       		.byte	53
 360 014f 01       		.byte	1
 361 0150 36       		.byte	54
 362 0151 08       		.byte	8
 363 0152 37       		.byte	55
 364 0153 01       		.byte	1
 365 0154 38       		.byte	56
 366 0155 28       		.byte	40
 367 0156 39       		.byte	57
 368 0157 40       		.byte	64
 369 0158 3A       		.byte	58
 370 0159 02       		.byte	2
 371 015a 3D       		.byte	61
 372 015b 02       		.byte	2
 373 015c 3E       		.byte	62
 374 015d 08       		.byte	8
 375 015e 3F       		.byte	63
 376 015f 15       		.byte	21
 377 0160 47       		.byte	71
 378 0161 20       		.byte	32
 379 0162 4F       		.byte	79
 380 0163 01       		.byte	1
 381 0164 57       		.byte	87
 382 0165 01       		.byte	1
 383 0166 5B       		.byte	91
 384 0167 04       		.byte	4
 385 0168 68       		.byte	104
 386 0169 12       		.byte	18
 387 016a 69       		.byte	105
 388 016b 14       		.byte	20
 389 016c 70       		.byte	112
 390 016d 9C       		.byte	-100
 391 016e 72       		.byte	114
 392 016f 02       		.byte	2
 393 0170 73       		.byte	115
 394 0171 08       		.byte	8
 395 0172 89       		.byte	-119
 396 0173 02       		.byte	2
 397 0174 8A       		.byte	-118
 398 0175 04       		.byte	4
 399 0176 C0       		.byte	-64
ARM GAS  C:\Users\ecsa\AppData\Local\Temp\cc3TWlEO.s 			page 8


 400 0177 0F       		.byte	15
 401 0178 C2       		.byte	-62
 402 0179 0D       		.byte	13
 403 017a C4       		.byte	-60
 404 017b 0F       		.byte	15
 405 017c CA       		.byte	-54
 406 017d 7F       		.byte	127
 407 017e CC       		.byte	-52
 408 017f CF       		.byte	-49
 409 0180 CE       		.byte	-50
 410 0181 EF       		.byte	-17
 411 0182 D0       		.byte	-48
 412 0183 20       		.byte	32
 413 0184 D6       		.byte	-42
 414 0185 02       		.byte	2
 415 0186 AF       		.byte	-81
 416 0187 40       		.byte	64
 417 0188 B4       		.byte	-76
 418 0189 40       		.byte	64
 419 018a 38       		.byte	56
 420 018b 82       		.byte	-126
 421 018c 3E       		.byte	62
 422 018d 41       		.byte	65
 423 018e 58       		.byte	88
 424 018f 04       		.byte	4
 425 0190 5F       		.byte	95
 426 0191 01       		.byte	1
 427 0192 1C       		.byte	28
 428 0193 40       		.byte	64
 429 0194 1F       		.byte	31
 430 0195 40       		.byte	64
 431 0196 EC       		.byte	-20
 432 0197 10       		.byte	16
 433 0198 EE       		.byte	-18
 434 0199 06       		.byte	6
 435 019a E0       		.byte	-32
 436 019b 40       		.byte	64
 437 019c 03       		.byte	3
 438 019d 05       		.byte	5
 439 019e 04       		.byte	4
 440 019f 11       		.byte	17
 441 01a0 05       		.byte	5
 442 01a1 10       		.byte	16
 443 01a2 06       		.byte	6
 444 01a3 06       		.byte	6
 445 01a4 08       		.byte	8
 446 01a5 11       		.byte	17
 447 01a6 09       		.byte	9
 448 01a7 03       		.byte	3
 449 01a8 0A       		.byte	10
 450 01a9 0E       		.byte	14
 451 01aa 0B       		.byte	11
 452 01ab 04       		.byte	4
 453 01ac 14       		.byte	20
 454 01ad 0C       		.byte	12
 455 01ae 16       		.byte	22
 456 01af 13       		.byte	19
ARM GAS  C:\Users\ecsa\AppData\Local\Temp\cc3TWlEO.s 			page 9


 457 01b0 17       		.byte	23
 458 01b1 08       		.byte	8
 459 01b2 19       		.byte	25
 460 01b3 03       		.byte	3
 461 01b4 1B       		.byte	27
 462 01b5 0C       		.byte	12
 463 01b6 1E       		.byte	30
 464 01b7 08       		.byte	8
 465 01b8 22       		.byte	34
 466 01b9 13       		.byte	19
 467 01ba 25       		.byte	37
 468 01bb 03       		.byte	3
 469 01bc 26       		.byte	38
 470 01bd 10       		.byte	16
 471 01be 27       		.byte	39
 472 01bf 04       		.byte	4
 473 01c0 29       		.byte	41
 474 01c1 0A       		.byte	10
 475 01c2 2A       		.byte	42
 476 01c3 0C       		.byte	12
 477 01c4 2B       		.byte	43
 478 01c5 04       		.byte	4
 479 01c6 30       		.byte	48
 480 01c7 10       		.byte	16
 481 01c8 32       		.byte	50
 482 01c9 0F       		.byte	15
 483 01ca 33       		.byte	51
 484 01cb 0F       		.byte	15
 485 01cc 35       		.byte	53
 486 01cd 10       		.byte	16
 487 01ce 3A       		.byte	58
 488 01cf 08       		.byte	8
 489 01d0 3B       		.byte	59
 490 01d1 88       		.byte	-120
 491 01d2 3E       		.byte	62
 492 01d3 01       		.byte	1
 493 01d4 3F       		.byte	63
 494 01d5 10       		.byte	16
 495 01d6 40       		.byte	64
 496 01d7 24       		.byte	36
 497 01d8 41       		.byte	65
 498 01d9 03       		.byte	3
 499 01da 45       		.byte	69
 500 01db EB       		.byte	-21
 501 01dc 46       		.byte	70
 502 01dd C0       		.byte	-64
 503 01de 47       		.byte	71
 504 01df 0E       		.byte	14
 505 01e0 48       		.byte	72
 506 01e1 1B       		.byte	27
 507 01e2 49       		.byte	73
 508 01e3 FF       		.byte	-1
 509 01e4 4A       		.byte	74
 510 01e5 FF       		.byte	-1
 511 01e6 4B       		.byte	75
 512 01e7 FF       		.byte	-1
 513 01e8 4E       		.byte	78
ARM GAS  C:\Users\ecsa\AppData\Local\Temp\cc3TWlEO.s 			page 10


 514 01e9 F0       		.byte	-16
 515 01ea 4F       		.byte	79
 516 01eb 44       		.byte	68
 517 01ec 50       		.byte	80
 518 01ed 0C       		.byte	12
 519 01ee 54       		.byte	84
 520 01ef 01       		.byte	1
 521 01f0 58       		.byte	88
 522 01f1 04       		.byte	4
 523 01f2 59       		.byte	89
 524 01f3 04       		.byte	4
 525 01f4 5A       		.byte	90
 526 01f5 04       		.byte	4
 527 01f6 5B       		.byte	91
 528 01f7 04       		.byte	4
 529 01f8 5C       		.byte	92
 530 01f9 22       		.byte	34
 531 01fa 5D       		.byte	93
 532 01fb 22       		.byte	34
 533 01fc 5F       		.byte	95
 534 01fd 01       		.byte	1
 535 01fe 66       		.byte	102
 536 01ff C0       		.byte	-64
 537 0200 6A       		.byte	106
 538 0201 40       		.byte	64
 539 0202 6B       		.byte	107
 540 0203 02       		.byte	2
 541 0204 80       		.byte	-128
 542 0205 40       		.byte	64
 543 0206 82       		.byte	-126
 544 0207 20       		.byte	32
 545 0208 86       		.byte	-122
 546 0209 18       		.byte	24
 547 020a 88       		.byte	-120
 548 020b 07       		.byte	7
 549 020c 8E       		.byte	-114
 550 020d 18       		.byte	24
 551 020e 90       		.byte	-112
 552 020f 0A       		.byte	10
 553 0210 92       		.byte	-110
 554 0211 01       		.byte	1
 555 0212 94       		.byte	-108
 556 0213 19       		.byte	25
 557 0214 96       		.byte	-106
 558 0215 06       		.byte	6
 559 0216 9A       		.byte	-102
 560 0217 18       		.byte	24
 561 0218 9B       		.byte	-101
 562 0219 01       		.byte	1
 563 021a 9E       		.byte	-98
 564 021b 60       		.byte	96
 565 021c A0       		.byte	-96
 566 021d 14       		.byte	20
 567 021e A2       		.byte	-94
 568 021f 01       		.byte	1
 569 0220 A4       		.byte	-92
 570 0221 07       		.byte	7
ARM GAS  C:\Users\ecsa\AppData\Local\Temp\cc3TWlEO.s 			page 11


 571 0222 A8       		.byte	-88
 572 0223 18       		.byte	24
 573 0224 AC       		.byte	-84
 574 0225 18       		.byte	24
 575 0226 B0       		.byte	-80
 576 0227 18       		.byte	24
 577 0228 B2       		.byte	-78
 578 0229 07       		.byte	7
 579 022a B4       		.byte	-76
 580 022b 20       		.byte	32
 581 022c B6       		.byte	-74
 582 022d 40       		.byte	64
 583 022e B7       		.byte	-73
 584 022f 01       		.byte	1
 585 0230 BE       		.byte	-66
 586 0231 50       		.byte	80
 587 0232 D8       		.byte	-40
 588 0233 04       		.byte	4
 589 0234 D9       		.byte	-39
 590 0235 04       		.byte	4
 591 0236 DC       		.byte	-36
 592 0237 32       		.byte	50
 593 0238 DF       		.byte	-33
 594 0239 01       		.byte	1
 595 023a 00       		.byte	0
 596 023b 04       		.byte	4
 597 023c 01       		.byte	1
 598 023d 90       		.byte	-112
 599 023e 02       		.byte	2
 600 023f 80       		.byte	-128
 601 0240 05       		.byte	5
 602 0241 10       		.byte	16
 603 0242 07       		.byte	7
 604 0243 14       		.byte	20
 605 0244 0A       		.byte	10
 606 0245 24       		.byte	36
 607 0246 0B       		.byte	11
 608 0247 82       		.byte	-126
 609 0248 0D       		.byte	13
 610 0249 04       		.byte	4
 611 024a 0E       		.byte	14
 612 024b 10       		.byte	16
 613 024c 0F       		.byte	15
 614 024d 02       		.byte	2
 615 024e 10       		.byte	16
 616 024f 80       		.byte	-128
 617 0250 11       		.byte	17
 618 0251 84       		.byte	-124
 619 0252 13       		.byte	19
 620 0253 10       		.byte	16
 621 0254 14       		.byte	20
 622 0255 A8       		.byte	-88
 623 0256 16       		.byte	22
 624 0257 10       		.byte	16
 625 0258 19       		.byte	25
 626 0259 01       		.byte	1
 627 025a 1A       		.byte	26
ARM GAS  C:\Users\ecsa\AppData\Local\Temp\cc3TWlEO.s 			page 12


 628 025b 22       		.byte	34
 629 025c 1B       		.byte	27
 630 025d 20       		.byte	32
 631 025e 1E       		.byte	30
 632 025f 50       		.byte	80
 633 0260 1F       		.byte	31
 634 0261 04       		.byte	4
 635 0262 22       		.byte	34
 636 0263 80       		.byte	-128
 637 0264 25       		.byte	37
 638 0265 40       		.byte	64
 639 0266 26       		.byte	38
 640 0267 08       		.byte	8
 641 0268 27       		.byte	39
 642 0269 19       		.byte	25
 643 026a 2F       		.byte	47
 644 026b 14       		.byte	20
 645 026c 30       		.byte	48
 646 026d A0       		.byte	-96
 647 026e 33       		.byte	51
 648 026f 80       		.byte	-128
 649 0270 34       		.byte	52
 650 0271 08       		.byte	8
 651 0272 36       		.byte	54
 652 0273 04       		.byte	4
 653 0274 37       		.byte	55
 654 0275 10       		.byte	16
 655 0276 3D       		.byte	61
 656 0277 2A       		.byte	42
 657 0278 44       		.byte	68
 658 0279 80       		.byte	-128
 659 027a 45       		.byte	69
 660 027b 01       		.byte	1
 661 027c 47       		.byte	71
 662 027d 14       		.byte	20
 663 027e 4D       		.byte	77
 664 027f 01       		.byte	1
 665 0280 4F       		.byte	79
 666 0281 04       		.byte	4
 667 0282 55       		.byte	85
 668 0283 14       		.byte	20
 669 0284 56       		.byte	86
 670 0285 10       		.byte	16
 671 0286 5C       		.byte	92
 672 0287 20       		.byte	32
 673 0288 5D       		.byte	93
 674 0289 01       		.byte	1
 675 028a 5E       		.byte	94
 676 028b 40       		.byte	64
 677 028c 5F       		.byte	95
 678 028d 08       		.byte	8
 679 028e 8F       		.byte	-113
 680 028f 01       		.byte	1
 681 0290 90       		.byte	-112
 682 0291 44       		.byte	68
 683 0292 91       		.byte	-111
 684 0293 14       		.byte	20
ARM GAS  C:\Users\ecsa\AppData\Local\Temp\cc3TWlEO.s 			page 13


 685 0294 92       		.byte	-110
 686 0295 04       		.byte	4
 687 0296 93       		.byte	-109
 688 0297 10       		.byte	16
 689 0298 96       		.byte	-106
 690 0299 20       		.byte	32
 691 029a 97       		.byte	-105
 692 029b 28       		.byte	40
 693 029c 99       		.byte	-103
 694 029d 80       		.byte	-128
 695 029e 9A       		.byte	-102
 696 029f 08       		.byte	8
 697 02a0 9E       		.byte	-98
 698 02a1 20       		.byte	32
 699 02a2 9F       		.byte	-97
 700 02a3 01       		.byte	1
 701 02a4 A1       		.byte	-95
 702 02a5 01       		.byte	1
 703 02a6 A3       		.byte	-93
 704 02a7 01       		.byte	1
 705 02a8 A6       		.byte	-90
 706 02a9 08       		.byte	8
 707 02aa A7       		.byte	-89
 708 02ab 82       		.byte	-126
 709 02ac B1       		.byte	-79
 710 02ad 12       		.byte	18
 711 02ae C0       		.byte	-64
 712 02af 6F       		.byte	111
 713 02b0 C2       		.byte	-62
 714 02b1 AF       		.byte	-81
 715 02b2 C4       		.byte	-60
 716 02b3 7F       		.byte	127
 717 02b4 CA       		.byte	-54
 718 02b5 60       		.byte	96
 719 02b6 CC       		.byte	-52
 720 02b7 64       		.byte	100
 721 02b8 CE       		.byte	-50
 722 02b9 E0       		.byte	-32
 723 02ba D0       		.byte	-48
 724 02bb E0       		.byte	-32
 725 02bc D6       		.byte	-42
 726 02bd F0       		.byte	-16
 727 02be E0       		.byte	-32
 728 02bf 40       		.byte	64
 729 02c0 04       		.byte	4
 730 02c1 10       		.byte	16
 731 02c2 06       		.byte	6
 732 02c3 0C       		.byte	12
 733 02c4 07       		.byte	7
 734 02c5 01       		.byte	1
 735 02c6 09       		.byte	9
 736 02c7 01       		.byte	1
 737 02c8 0F       		.byte	15
 738 02c9 04       		.byte	4
 739 02ca 11       		.byte	17
 740 02cb 01       		.byte	1
 741 02cc 16       		.byte	22
ARM GAS  C:\Users\ecsa\AppData\Local\Temp\cc3TWlEO.s 			page 14


 742 02cd 02       		.byte	2
 743 02ce 17       		.byte	23
 744 02cf 02       		.byte	2
 745 02d0 1F       		.byte	31
 746 02d1 04       		.byte	4
 747 02d2 24       		.byte	36
 748 02d3 18       		.byte	24
 749 02d4 28       		.byte	40
 750 02d5 18       		.byte	24
 751 02d6 2B       		.byte	43
 752 02d7 02       		.byte	2
 753 02d8 2C       		.byte	44
 754 02d9 08       		.byte	8
 755 02da 2E       		.byte	46
 756 02db 15       		.byte	21
 757 02dc 2F       		.byte	47
 758 02dd 01       		.byte	1
 759 02de 30       		.byte	48
 760 02df 01       		.byte	1
 761 02e0 32       		.byte	50
 762 02e1 18       		.byte	24
 763 02e2 33       		.byte	51
 764 02e3 01       		.byte	1
 765 02e4 35       		.byte	53
 766 02e5 02       		.byte	2
 767 02e6 36       		.byte	54
 768 02e7 06       		.byte	6
 769 02e8 37       		.byte	55
 770 02e9 04       		.byte	4
 771 02ea 39       		.byte	57
 772 02eb 08       		.byte	8
 773 02ec 3E       		.byte	62
 774 02ed 40       		.byte	64
 775 02ee 3F       		.byte	63
 776 02ef 50       		.byte	80
 777 02f0 40       		.byte	64
 778 02f1 62       		.byte	98
 779 02f2 41       		.byte	65
 780 02f3 04       		.byte	4
 781 02f4 42       		.byte	66
 782 02f5 05       		.byte	5
 783 02f6 44       		.byte	68
 784 02f7 01       		.byte	1
 785 02f8 45       		.byte	69
 786 02f9 C0       		.byte	-64
 787 02fa 46       		.byte	70
 788 02fb E0       		.byte	-32
 789 02fc 48       		.byte	72
 790 02fd 0A       		.byte	10
 791 02fe 49       		.byte	73
 792 02ff FF       		.byte	-1
 793 0300 4A       		.byte	74
 794 0301 FF       		.byte	-1
 795 0302 4B       		.byte	75
 796 0303 FF       		.byte	-1
 797 0304 4C       		.byte	76
 798 0305 62       		.byte	98
ARM GAS  C:\Users\ecsa\AppData\Local\Temp\cc3TWlEO.s 			page 15


 799 0306 4D       		.byte	77
 800 0307 A0       		.byte	-96
 801 0308 4E       		.byte	78
 802 0309 F0       		.byte	-16
 803 030a 4F       		.byte	79
 804 030b 41       		.byte	65
 805 030c 50       		.byte	80
 806 030d 0C       		.byte	12
 807 030e 54       		.byte	84
 808 030f 18       		.byte	24
 809 0310 58       		.byte	88
 810 0311 04       		.byte	4
 811 0312 59       		.byte	89
 812 0313 04       		.byte	4
 813 0314 5A       		.byte	90
 814 0315 04       		.byte	4
 815 0316 5B       		.byte	91
 816 0317 04       		.byte	4
 817 0318 5C       		.byte	92
 818 0319 22       		.byte	34
 819 031a 5D       		.byte	93
 820 031b 22       		.byte	34
 821 031c 5F       		.byte	95
 822 031d 01       		.byte	1
 823 031e 66       		.byte	102
 824 031f 40       		.byte	64
 825 0320 67       		.byte	103
 826 0321 02       		.byte	2
 827 0322 69       		.byte	105
 828 0323 10       		.byte	16
 829 0324 6A       		.byte	106
 830 0325 30       		.byte	48
 831 0326 6B       		.byte	107
 832 0327 10       		.byte	16
 833 0328 6D       		.byte	109
 834 0329 10       		.byte	16
 835 032a 6E       		.byte	110
 836 032b 10       		.byte	16
 837 032c 6F       		.byte	111
 838 032d 12       		.byte	18
 839 032e 81       		.byte	-127
 840 032f 40       		.byte	64
 841 0330 85       		.byte	-123
 842 0331 14       		.byte	20
 843 0332 86       		.byte	-122
 844 0333 05       		.byte	5
 845 0334 89       		.byte	-119
 846 0335 1C       		.byte	28
 847 0336 8A       		.byte	-118
 848 0337 03       		.byte	3
 849 0338 8B       		.byte	-117
 850 0339 22       		.byte	34
 851 033a 8C       		.byte	-116
 852 033b 08       		.byte	8
 853 033c 93       		.byte	-109
 854 033d 03       		.byte	3
 855 033e 95       		.byte	-107
ARM GAS  C:\Users\ecsa\AppData\Local\Temp\cc3TWlEO.s 			page 16


 856 033f 09       		.byte	9
 857 0340 97       		.byte	-105
 858 0341 10       		.byte	16
 859 0342 99       		.byte	-103
 860 0343 30       		.byte	48
 861 0344 9A       		.byte	-102
 862 0345 06       		.byte	6
 863 0346 9B       		.byte	-101
 864 0347 0C       		.byte	12
 865 0348 9E       		.byte	-98
 866 0349 02       		.byte	2
 867 034a A1       		.byte	-95
 868 034b 10       		.byte	16
 869 034c A2       		.byte	-94
 870 034d 01       		.byte	1
 871 034e A4       		.byte	-92
 872 034f 06       		.byte	6
 873 0350 A5       		.byte	-91
 874 0351 2C       		.byte	44
 875 0352 A6       		.byte	-90
 876 0353 01       		.byte	1
 877 0354 A7       		.byte	-89
 878 0355 11       		.byte	17
 879 0356 B3       		.byte	-77
 880 0357 60       		.byte	96
 881 0358 B4       		.byte	-76
 882 0359 07       		.byte	7
 883 035a B6       		.byte	-74
 884 035b 08       		.byte	8
 885 035c B7       		.byte	-73
 886 035d 1F       		.byte	31
 887 035e B9       		.byte	-71
 888 035f 08       		.byte	8
 889 0360 BA       		.byte	-70
 890 0361 20       		.byte	32
 891 0362 BE       		.byte	-66
 892 0363 40       		.byte	64
 893 0364 D8       		.byte	-40
 894 0365 04       		.byte	4
 895 0366 D9       		.byte	-39
 896 0367 04       		.byte	4
 897 0368 DC       		.byte	-36
 898 0369 22       		.byte	34
 899 036a DF       		.byte	-33
 900 036b 01       		.byte	1
 901 036c 01       		.byte	1
 902 036d 08       		.byte	8
 903 036e 05       		.byte	5
 904 036f 10       		.byte	16
 905 0370 07       		.byte	7
 906 0371 12       		.byte	18
 907 0372 0A       		.byte	10
 908 0373 20       		.byte	32
 909 0374 0E       		.byte	14
 910 0375 09       		.byte	9
 911 0376 0F       		.byte	15
 912 0377 02       		.byte	2
ARM GAS  C:\Users\ecsa\AppData\Local\Temp\cc3TWlEO.s 			page 17


 913 0378 10       		.byte	16
 914 0379 02       		.byte	2
 915 037a 11       		.byte	17
 916 037b 14       		.byte	20
 917 037c 14       		.byte	20
 918 037d 80       		.byte	-128
 919 037e 15       		.byte	21
 920 037f 08       		.byte	8
 921 0380 18       		.byte	24
 922 0381 01       		.byte	1
 923 0382 19       		.byte	25
 924 0383 08       		.byte	8
 925 0384 1B       		.byte	27
 926 0385 02       		.byte	2
 927 0386 1D       		.byte	29
 928 0387 10       		.byte	16
 929 0388 1E       		.byte	30
 930 0389 02       		.byte	2
 931 038a 1F       		.byte	31
 932 038b 10       		.byte	16
 933 038c 21       		.byte	33
 934 038d A8       		.byte	-88
 935 038e 26       		.byte	38
 936 038f 04       		.byte	4
 937 0390 27       		.byte	39
 938 0391 02       		.byte	2
 939 0392 29       		.byte	41
 940 0393 80       		.byte	-128
 941 0394 2A       		.byte	42
 942 0395 10       		.byte	16
 943 0396 2E       		.byte	46
 944 0397 01       		.byte	1
 945 0398 2F       		.byte	47
 946 0399 10       		.byte	16
 947 039a 30       		.byte	48
 948 039b 80       		.byte	-128
 949 039c 31       		.byte	49
 950 039d 08       		.byte	8
 951 039e 33       		.byte	51
 952 039f 01       		.byte	1
 953 03a0 36       		.byte	54
 954 03a1 04       		.byte	4
 955 03a2 37       		.byte	55
 956 03a3 12       		.byte	18
 957 03a4 38       		.byte	56
 958 03a5 40       		.byte	64
 959 03a6 3A       		.byte	58
 960 03a7 08       		.byte	8
 961 03a8 3B       		.byte	59
 962 03a9 50       		.byte	80
 963 03aa 3D       		.byte	61
 964 03ab 02       		.byte	2
 965 03ac 3E       		.byte	62
 966 03ad 10       		.byte	16
 967 03ae 3F       		.byte	63
 968 03af 04       		.byte	4
 969 03b0 40       		.byte	64
ARM GAS  C:\Users\ecsa\AppData\Local\Temp\cc3TWlEO.s 			page 18


 970 03b1 01       		.byte	1
 971 03b2 42       		.byte	66
 972 03b3 04       		.byte	4
 973 03b4 43       		.byte	67
 974 03b5 01       		.byte	1
 975 03b6 48       		.byte	72
 976 03b7 80       		.byte	-128
 977 03b8 4B       		.byte	75
 978 03b9 50       		.byte	80
 979 03ba 52       		.byte	82
 980 03bb 10       		.byte	16
 981 03bc 59       		.byte	89
 982 03bd 01       		.byte	1
 983 03be 61       		.byte	97
 984 03bf A0       		.byte	-96
 985 03c0 82       		.byte	-126
 986 03c1 01       		.byte	1
 987 03c2 88       		.byte	-120
 988 03c3 02       		.byte	2
 989 03c4 8A       		.byte	-118
 990 03c5 20       		.byte	32
 991 03c6 8B       		.byte	-117
 992 03c7 40       		.byte	64
 993 03c8 8D       		.byte	-115
 994 03c9 08       		.byte	8
 995 03ca 8F       		.byte	-113
 996 03cb 80       		.byte	-128
 997 03cc 90       		.byte	-112
 998 03cd 40       		.byte	64
 999 03ce 91       		.byte	-111
 1000 03cf 1C       		.byte	28
 1001 03d0 92       		.byte	-110
 1002 03d1 34       		.byte	52
 1003 03d2 93       		.byte	-109
 1004 03d3 14       		.byte	20
 1005 03d4 97       		.byte	-105
 1006 03d5 A0       		.byte	-96
 1007 03d6 98       		.byte	-104
 1008 03d7 80       		.byte	-128
 1009 03d8 99       		.byte	-103
 1010 03d9 81       		.byte	-127
 1011 03da 9A       		.byte	-102
 1012 03db 08       		.byte	8
 1013 03dc 9B       		.byte	-101
 1014 03dd 11       		.byte	17
 1015 03de 9D       		.byte	-99
 1016 03df 10       		.byte	16
 1017 03e0 9E       		.byte	-98
 1018 03e1 20       		.byte	32
 1019 03e2 A1       		.byte	-95
 1020 03e3 01       		.byte	1
 1021 03e4 A3       		.byte	-93
 1022 03e5 01       		.byte	1
 1023 03e6 A6       		.byte	-90
 1024 03e7 04       		.byte	4
 1025 03e8 A7       		.byte	-89
 1026 03e9 82       		.byte	-126
ARM GAS  C:\Users\ecsa\AppData\Local\Temp\cc3TWlEO.s 			page 19


 1027 03ea AB       		.byte	-85
 1028 03eb 20       		.byte	32
 1029 03ec AC       		.byte	-84
 1030 03ed 20       		.byte	32
 1031 03ee AE       		.byte	-82
 1032 03ef 01       		.byte	1
 1033 03f0 C0       		.byte	-64
 1034 03f1 E4       		.byte	-28
 1035 03f2 C2       		.byte	-62
 1036 03f3 C4       		.byte	-60
 1037 03f4 C4       		.byte	-60
 1038 03f5 37       		.byte	55
 1039 03f6 CA       		.byte	-54
 1040 03f7 CC       		.byte	-52
 1041 03f8 CC       		.byte	-52
 1042 03f9 EB       		.byte	-21
 1043 03fa CE       		.byte	-50
 1044 03fb EE       		.byte	-18
 1045 03fc D0       		.byte	-48
 1046 03fd 0D       		.byte	13
 1047 03fe D2       		.byte	-46
 1048 03ff 0C       		.byte	12
 1049 0400 D6       		.byte	-42
 1050 0401 01       		.byte	1
 1051 0402 D8       		.byte	-40
 1052 0403 0C       		.byte	12
 1053 0404 E4       		.byte	-28
 1054 0405 01       		.byte	1
 1055 0406 EA       		.byte	-22
 1056 0407 02       		.byte	2
 1057 0408 EC       		.byte	-20
 1058 0409 10       		.byte	16
 1059 040a 32       		.byte	50
 1060 040b 80       		.byte	-128
 1061 040c 3B       		.byte	59
 1062 040d 02       		.byte	2
 1063 040e 3F       		.byte	63
 1064 040f 40       		.byte	64
 1065 0410 CC       		.byte	-52
 1066 0411 10       		.byte	16
 1067 0412 CE       		.byte	-50
 1068 0413 60       		.byte	96
 1069 0414 97       		.byte	-105
 1070 0415 42       		.byte	66
 1071 0416 A6       		.byte	-90
 1072 0417 80       		.byte	-128
 1073 0418 12       		.byte	18
 1074 0419 80       		.byte	-128
 1075 041a 5B       		.byte	91
 1076 041b 08       		.byte	8
 1077 041c 97       		.byte	-105
 1078 041d 42       		.byte	66
 1079 041e 9B       		.byte	-101
 1080 041f 08       		.byte	8
 1081 0420 A6       		.byte	-90
 1082 0421 80       		.byte	-128
 1083 0422 AF       		.byte	-81
ARM GAS  C:\Users\ecsa\AppData\Local\Temp\cc3TWlEO.s 			page 20


 1084 0423 08       		.byte	8
 1085 0424 C4       		.byte	-60
 1086 0425 10       		.byte	16
 1087 0426 D6       		.byte	-42
 1088 0427 40       		.byte	64
 1089 0428 EA       		.byte	-22
 1090 0429 10       		.byte	16
 1091 042a 97       		.byte	-105
 1092 042b 42       		.byte	66
 1093 042c 7C       		.byte	124
 1094 042d 20       		.byte	32
 1095 042e DE       		.byte	-34
 1096 042f 01       		.byte	1
 1097 0430 00       		.byte	0
 1098 0431 80       		.byte	-128
 1099 0432 9C       		.byte	-100
 1100 0433 20       		.byte	32
 1101 0434 C0       		.byte	-64
 1102 0435 02       		.byte	2
 1103 0436 33       		.byte	51
 1104 0437 80       		.byte	-128
 1105 0438 45       		.byte	69
 1106 0439 08       		.byte	8
 1107 043a A0       		.byte	-96
 1108 043b 40       		.byte	64
 1109 043c B4       		.byte	-76
 1110 043d 20       		.byte	32
 1111 043e CC       		.byte	-52
 1112 043f 08       		.byte	8
 1113 0440 D0       		.byte	-48
 1114 0441 01       		.byte	1
 1115 0442 E8       		.byte	-24
 1116 0443 02       		.byte	2
 1117 0444 A0       		.byte	-96
 1118 0445 40       		.byte	64
 1119 0446 A5       		.byte	-91
 1120 0447 08       		.byte	8
 1121 0448 A7       		.byte	-89
 1122 0449 80       		.byte	-128
 1123 044a 25       		.byte	37
 1124 044b 10       		.byte	16
 1125 044c 8D       		.byte	-115
 1126 044d 10       		.byte	16
 1127 044e 97       		.byte	-105
 1128 044f 42       		.byte	66
 1129 0450 C8       		.byte	-56
 1130 0451 20       		.byte	32
 1131 0452 19       		.byte	25
 1132 0453 10       		.byte	16
 1133 0454 9D       		.byte	-99
 1134 0455 10       		.byte	16
 1135 0456 AB       		.byte	-85
 1136 0457 01       		.byte	1
 1137 0458 AF       		.byte	-81
 1138 0459 40       		.byte	64
 1139 045a B5       		.byte	-75
 1140 045b 10       		.byte	16
ARM GAS  C:\Users\ecsa\AppData\Local\Temp\cc3TWlEO.s 			page 21


 1141 045c C6       		.byte	-58
 1142 045d 40       		.byte	64
 1143 045e EE       		.byte	-18
 1144 045f 60       		.byte	96
 1145 0460 8F       		.byte	-113
 1146 0461 80       		.byte	-128
 1147 0462 A0       		.byte	-96
 1148 0463 40       		.byte	64
 1149 0464 A5       		.byte	-91
 1150 0465 08       		.byte	8
 1151 0466 A7       		.byte	-89
 1152 0467 80       		.byte	-128
 1153 0468 E0       		.byte	-32
 1154 0469 02       		.byte	2
 1155 046a 10       		.byte	16
 1156 046b 80       		.byte	-128
 1157 046c 70       		.byte	112
 1158 046d 04       		.byte	4
 1159 046e 80       		.byte	-128
 1160 046f 04       		.byte	4
 1161 0470 88       		.byte	-120
 1162 0471 80       		.byte	-128
 1163 0472 AC       		.byte	-84
 1164 0473 40       		.byte	64
 1165 0474 B5       		.byte	-75
 1166 0475 08       		.byte	8
 1167 0476 C4       		.byte	-60
 1168 0477 08       		.byte	8
 1169 0478 DC       		.byte	-36
 1170 0479 01       		.byte	1
 1171 047a E6       		.byte	-26
 1172 047b 01       		.byte	1
 1173 047c EC       		.byte	-20
 1174 047d 08       		.byte	8
 1175 047e 00       		.byte	0
 1176 047f 04       		.byte	4
 1177 0480 0C       		.byte	12
 1178 0481 04       		.byte	4
 1179 0482 10       		.byte	16
 1180 0483 0C       		.byte	12
 1181 0484 1C       		.byte	28
 1182 0485 0C       		.byte	12
 1183 0486 00       		.byte	0
 1184 0487 03       		.byte	3
 1185 0488 10       		.byte	16
 1186 0489 0A       		.byte	10
 1187 048a 00       		.byte	0
 1188 048b 00       		.byte	0
 1189 048c 80       		.byte	-128
 1190 048d 00       		.byte	0
 1191 048e 40       		.byte	64
 1192 048f 80       		.byte	-128
 1193 0490 80       		.byte	-128
 1194 0491 00       		.byte	0
 1195 0492 80       		.byte	-128
 1196 0493 00       		.byte	0
 1197 0494 00       		.byte	0
ARM GAS  C:\Users\ecsa\AppData\Local\Temp\cc3TWlEO.s 			page 22


 1198 0495 00       		.byte	0
 1199 0496 00       		.byte	0
 1200 0497 00       		.byte	0
 1201 0498 00       		.byte	0
 1202 0499 0B       		.byte	11
 1203 049a 0B       		.byte	11
 1204 049b 00       		.byte	0
 1205 049c 00       		.byte	0
 1206 049d 00       		.byte	0
 1207 049e 00       		.byte	0
 1208 049f 00       		.byte	0
 1209 04a0 04       		.byte	4
 1210 04a1 00       		.byte	0
 1211 04a2 00       		.byte	0
 1212 04a3 04       		.byte	4
 1213 04a4 00       		.byte	0
 1214 04a5 00       		.byte	0
 1215 04a6 00       		.byte	0
 1216 04a7 00       		.byte	0
 1217 04a8 00       		.byte	0
 1218 04a9 00       		.byte	0
 1219 04aa 00       		.byte	0
 1220 04ab 00       		.byte	0
 1221 04ac 95       		.byte	-107
 1222 04ad 00       		.byte	0
 1223 04ae 18       		.byte	24
 1224 04af 01       		.byte	1
 1225              		.global	cy_meta_custnvl
 1226              		.section	.cycustnvl,"a",%progbits
 1227              		.align	2
 1228              		.type	cy_meta_custnvl, %object
 1229              		.size	cy_meta_custnvl, 4
 1230              	cy_meta_custnvl:
 1231 0000 00       		.byte	0
 1232 0001 00       		.byte	0
 1233 0002 40       		.byte	64
 1234 0003 05       		.byte	5
 1235              		.global	cy_meta_wonvl
 1236              		.section	.cywolatch,"a",%progbits
 1237              		.align	2
 1238              		.type	cy_meta_wonvl, %object
 1239              		.size	cy_meta_wonvl, 4
 1240              	cy_meta_wonvl:
 1241 0000 BC       		.byte	-68
 1242 0001 90       		.byte	-112
 1243 0002 AC       		.byte	-84
 1244 0003 AF       		.byte	-81
 1245              		.global	cy_meta_flashprotect
 1246              		.section	.cyflashprotect,"a",%progbits
 1247              		.align	2
 1248              		.type	cy_meta_flashprotect, %object
 1249              		.size	cy_meta_flashprotect, 256
 1250              	cy_meta_flashprotect:
 1251 0000 00000000 		.space	256
 1251      00000000 
 1251      00000000 
 1251      00000000 
ARM GAS  C:\Users\ecsa\AppData\Local\Temp\cc3TWlEO.s 			page 23


 1251      00000000 
 1252              		.global	cy_metadata
 1253              		.section	.cymeta,"a",%progbits
 1254              		.align	2
 1255              		.type	cy_metadata, %object
 1256              		.size	cy_metadata, 12
 1257              	cy_metadata:
 1258 0000 00       		.byte	0
 1259 0001 01       		.byte	1
 1260 0002 2E       		.byte	46
 1261 0003 16       		.byte	22
 1262 0004 10       		.byte	16
 1263 0005 69       		.byte	105
 1264 0006 00       		.byte	0
 1265 0007 01       		.byte	1
 1266 0008 00       		.byte	0
 1267 0009 00       		.byte	0
 1268 000a 00       		.byte	0
 1269 000b 00       		.byte	0
 1270              		.text
 1271              	.Letext0:
 1272              		.file 1 "c:\\program files (x86)\\cypress\\psoc creator\\4.2\\psoc creator\\import\\gnu\\arm\\5.4.
 1273              		.file 2 "c:\\program files (x86)\\cypress\\psoc creator\\4.2\\psoc creator\\import\\gnu\\arm\\5.4.
 1274              		.file 3 "Generated_Source\\PSoC5\\cymetadata.c"
 1275              		.section	.debug_info,"",%progbits
 1276              	.Ldebug_info0:
 1277 0000 32010000 		.4byte	0x132
 1278 0004 0400     		.2byte	0x4
 1279 0006 00000000 		.4byte	.Ldebug_abbrev0
 1280 000a 04       		.byte	0x4
 1281 000b 01       		.uleb128 0x1
 1282 000c 0A000000 		.4byte	.LASF17
 1283 0010 0C       		.byte	0xc
 1284 0011 F2010000 		.4byte	.LASF18
 1285 0015 69010000 		.4byte	.LASF19
 1286 0019 00000000 		.4byte	.Ldebug_line0
 1287 001d 02       		.uleb128 0x2
 1288 001e 01       		.byte	0x1
 1289 001f 06       		.byte	0x6
 1290 0020 E6010000 		.4byte	.LASF0
 1291 0024 03       		.uleb128 0x3
 1292 0025 00000000 		.4byte	.LASF9
 1293 0029 01       		.byte	0x1
 1294 002a 1D       		.byte	0x1d
 1295 002b 2F000000 		.4byte	0x2f
 1296 002f 02       		.uleb128 0x2
 1297 0030 01       		.byte	0x1
 1298 0031 08       		.byte	0x8
 1299 0032 A4000000 		.4byte	.LASF1
 1300 0036 02       		.uleb128 0x2
 1301 0037 02       		.byte	0x2
 1302 0038 05       		.byte	0x5
 1303 0039 5F010000 		.4byte	.LASF2
 1304 003d 02       		.uleb128 0x2
 1305 003e 02       		.byte	0x2
 1306 003f 07       		.byte	0x7
 1307 0040 C4000000 		.4byte	.LASF3
ARM GAS  C:\Users\ecsa\AppData\Local\Temp\cc3TWlEO.s 			page 24


 1308 0044 02       		.uleb128 0x2
 1309 0045 04       		.byte	0x4
 1310 0046 05       		.byte	0x5
 1311 0047 DD010000 		.4byte	.LASF4
 1312 004b 02       		.uleb128 0x2
 1313 004c 04       		.byte	0x4
 1314 004d 07       		.byte	0x7
 1315 004e B2000000 		.4byte	.LASF5
 1316 0052 02       		.uleb128 0x2
 1317 0053 08       		.byte	0x8
 1318 0054 05       		.byte	0x5
 1319 0055 51010000 		.4byte	.LASF6
 1320 0059 02       		.uleb128 0x2
 1321 005a 08       		.byte	0x8
 1322 005b 07       		.byte	0x7
 1323 005c 06010000 		.4byte	.LASF7
 1324 0060 04       		.uleb128 0x4
 1325 0061 04       		.byte	0x4
 1326 0062 05       		.byte	0x5
 1327 0063 696E7400 		.ascii	"int\000"
 1328 0067 02       		.uleb128 0x2
 1329 0068 04       		.byte	0x4
 1330 0069 07       		.byte	0x7
 1331 006a F9000000 		.4byte	.LASF8
 1332 006e 03       		.uleb128 0x3
 1333 006f 1D010000 		.4byte	.LASF10
 1334 0073 02       		.byte	0x2
 1335 0074 18       		.byte	0x18
 1336 0075 24000000 		.4byte	0x24
 1337 0079 05       		.uleb128 0x5
 1338 007a 91000000 		.4byte	0x91
 1339 007e 8A000000 		.4byte	0x8a
 1340 0082 06       		.uleb128 0x6
 1341 0083 8A000000 		.4byte	0x8a
 1342 0087 AF04     		.2byte	0x4af
 1343 0089 00       		.byte	0
 1344 008a 02       		.uleb128 0x2
 1345 008b 04       		.byte	0x4
 1346 008c 07       		.byte	0x7
 1347 008d 48010000 		.4byte	.LASF11
 1348 0091 07       		.uleb128 0x7
 1349 0092 6E000000 		.4byte	0x6e
 1350 0096 08       		.uleb128 0x8
 1351 0097 E7000000 		.4byte	.LASF12
 1352 009b 03       		.byte	0x3
 1353 009c 1F       		.byte	0x1f
 1354 009d A7000000 		.4byte	0xa7
 1355 00a1 05       		.uleb128 0x5
 1356 00a2 03       		.byte	0x3
 1357 00a3 00000000 		.4byte	cy_meta_configecc
 1358 00a7 07       		.uleb128 0x7
 1359 00a8 79000000 		.4byte	0x79
 1360 00ac 05       		.uleb128 0x5
 1361 00ad 91000000 		.4byte	0x91
 1362 00b1 BC000000 		.4byte	0xbc
 1363 00b5 09       		.uleb128 0x9
 1364 00b6 8A000000 		.4byte	0x8a
ARM GAS  C:\Users\ecsa\AppData\Local\Temp\cc3TWlEO.s 			page 25


 1365 00ba 03       		.byte	0x3
 1366 00bb 00       		.byte	0
 1367 00bc 08       		.uleb128 0x8
 1368 00bd D7000000 		.4byte	.LASF13
 1369 00c1 03       		.byte	0x3
 1370 00c2 C2       		.byte	0xc2
 1371 00c3 CD000000 		.4byte	0xcd
 1372 00c7 05       		.uleb128 0x5
 1373 00c8 03       		.byte	0x3
 1374 00c9 00000000 		.4byte	cy_meta_custnvl
 1375 00cd 07       		.uleb128 0x7
 1376 00ce AC000000 		.4byte	0xac
 1377 00d2 08       		.uleb128 0x8
 1378 00d3 3A010000 		.4byte	.LASF14
 1379 00d7 03       		.byte	0x3
 1380 00d8 D0       		.byte	0xd0
 1381 00d9 E3000000 		.4byte	0xe3
 1382 00dd 05       		.uleb128 0x5
 1383 00de 03       		.byte	0x3
 1384 00df 00000000 		.4byte	cy_meta_wonvl
 1385 00e3 07       		.uleb128 0x7
 1386 00e4 AC000000 		.4byte	0xac
 1387 00e8 05       		.uleb128 0x5
 1388 00e9 91000000 		.4byte	0x91
 1389 00ed F8000000 		.4byte	0xf8
 1390 00f1 09       		.uleb128 0x9
 1391 00f2 8A000000 		.4byte	0x8a
 1392 00f6 FF       		.byte	0xff
 1393 00f7 00       		.byte	0
 1394 00f8 08       		.uleb128 0x8
 1395 00f9 25010000 		.4byte	.LASF15
 1396 00fd 03       		.byte	0x3
 1397 00fe DE       		.byte	0xde
 1398 00ff 09010000 		.4byte	0x109
 1399 0103 05       		.uleb128 0x5
 1400 0104 03       		.byte	0x3
 1401 0105 00000000 		.4byte	cy_meta_flashprotect
 1402 0109 07       		.uleb128 0x7
 1403 010a E8000000 		.4byte	0xe8
 1404 010e 05       		.uleb128 0x5
 1405 010f 91000000 		.4byte	0x91
 1406 0113 1E010000 		.4byte	0x11e
 1407 0117 09       		.uleb128 0x9
 1408 0118 8A000000 		.4byte	0x8a
 1409 011c 0B       		.byte	0xb
 1410 011d 00       		.byte	0
 1411 011e 0A       		.uleb128 0xa
 1412 011f 98000000 		.4byte	.LASF16
 1413 0123 03       		.byte	0x3
 1414 0124 0B01     		.2byte	0x10b
 1415 0126 30010000 		.4byte	0x130
 1416 012a 05       		.uleb128 0x5
 1417 012b 03       		.byte	0x3
 1418 012c 00000000 		.4byte	cy_metadata
 1419 0130 07       		.uleb128 0x7
 1420 0131 0E010000 		.4byte	0x10e
 1421 0135 00       		.byte	0
ARM GAS  C:\Users\ecsa\AppData\Local\Temp\cc3TWlEO.s 			page 26


 1422              		.section	.debug_abbrev,"",%progbits
 1423              	.Ldebug_abbrev0:
 1424 0000 01       		.uleb128 0x1
 1425 0001 11       		.uleb128 0x11
 1426 0002 01       		.byte	0x1
 1427 0003 25       		.uleb128 0x25
 1428 0004 0E       		.uleb128 0xe
 1429 0005 13       		.uleb128 0x13
 1430 0006 0B       		.uleb128 0xb
 1431 0007 03       		.uleb128 0x3
 1432 0008 0E       		.uleb128 0xe
 1433 0009 1B       		.uleb128 0x1b
 1434 000a 0E       		.uleb128 0xe
 1435 000b 10       		.uleb128 0x10
 1436 000c 17       		.uleb128 0x17
 1437 000d 00       		.byte	0
 1438 000e 00       		.byte	0
 1439 000f 02       		.uleb128 0x2
 1440 0010 24       		.uleb128 0x24
 1441 0011 00       		.byte	0
 1442 0012 0B       		.uleb128 0xb
 1443 0013 0B       		.uleb128 0xb
 1444 0014 3E       		.uleb128 0x3e
 1445 0015 0B       		.uleb128 0xb
 1446 0016 03       		.uleb128 0x3
 1447 0017 0E       		.uleb128 0xe
 1448 0018 00       		.byte	0
 1449 0019 00       		.byte	0
 1450 001a 03       		.uleb128 0x3
 1451 001b 16       		.uleb128 0x16
 1452 001c 00       		.byte	0
 1453 001d 03       		.uleb128 0x3
 1454 001e 0E       		.uleb128 0xe
 1455 001f 3A       		.uleb128 0x3a
 1456 0020 0B       		.uleb128 0xb
 1457 0021 3B       		.uleb128 0x3b
 1458 0022 0B       		.uleb128 0xb
 1459 0023 49       		.uleb128 0x49
 1460 0024 13       		.uleb128 0x13
 1461 0025 00       		.byte	0
 1462 0026 00       		.byte	0
 1463 0027 04       		.uleb128 0x4
 1464 0028 24       		.uleb128 0x24
 1465 0029 00       		.byte	0
 1466 002a 0B       		.uleb128 0xb
 1467 002b 0B       		.uleb128 0xb
 1468 002c 3E       		.uleb128 0x3e
 1469 002d 0B       		.uleb128 0xb
 1470 002e 03       		.uleb128 0x3
 1471 002f 08       		.uleb128 0x8
 1472 0030 00       		.byte	0
 1473 0031 00       		.byte	0
 1474 0032 05       		.uleb128 0x5
 1475 0033 01       		.uleb128 0x1
 1476 0034 01       		.byte	0x1
 1477 0035 49       		.uleb128 0x49
 1478 0036 13       		.uleb128 0x13
ARM GAS  C:\Users\ecsa\AppData\Local\Temp\cc3TWlEO.s 			page 27


 1479 0037 01       		.uleb128 0x1
 1480 0038 13       		.uleb128 0x13
 1481 0039 00       		.byte	0
 1482 003a 00       		.byte	0
 1483 003b 06       		.uleb128 0x6
 1484 003c 21       		.uleb128 0x21
 1485 003d 00       		.byte	0
 1486 003e 49       		.uleb128 0x49
 1487 003f 13       		.uleb128 0x13
 1488 0040 2F       		.uleb128 0x2f
 1489 0041 05       		.uleb128 0x5
 1490 0042 00       		.byte	0
 1491 0043 00       		.byte	0
 1492 0044 07       		.uleb128 0x7
 1493 0045 26       		.uleb128 0x26
 1494 0046 00       		.byte	0
 1495 0047 49       		.uleb128 0x49
 1496 0048 13       		.uleb128 0x13
 1497 0049 00       		.byte	0
 1498 004a 00       		.byte	0
 1499 004b 08       		.uleb128 0x8
 1500 004c 34       		.uleb128 0x34
 1501 004d 00       		.byte	0
 1502 004e 03       		.uleb128 0x3
 1503 004f 0E       		.uleb128 0xe
 1504 0050 3A       		.uleb128 0x3a
 1505 0051 0B       		.uleb128 0xb
 1506 0052 3B       		.uleb128 0x3b
 1507 0053 0B       		.uleb128 0xb
 1508 0054 49       		.uleb128 0x49
 1509 0055 13       		.uleb128 0x13
 1510 0056 3F       		.uleb128 0x3f
 1511 0057 19       		.uleb128 0x19
 1512 0058 02       		.uleb128 0x2
 1513 0059 18       		.uleb128 0x18
 1514 005a 00       		.byte	0
 1515 005b 00       		.byte	0
 1516 005c 09       		.uleb128 0x9
 1517 005d 21       		.uleb128 0x21
 1518 005e 00       		.byte	0
 1519 005f 49       		.uleb128 0x49
 1520 0060 13       		.uleb128 0x13
 1521 0061 2F       		.uleb128 0x2f
 1522 0062 0B       		.uleb128 0xb
 1523 0063 00       		.byte	0
 1524 0064 00       		.byte	0
 1525 0065 0A       		.uleb128 0xa
 1526 0066 34       		.uleb128 0x34
 1527 0067 00       		.byte	0
 1528 0068 03       		.uleb128 0x3
 1529 0069 0E       		.uleb128 0xe
 1530 006a 3A       		.uleb128 0x3a
 1531 006b 0B       		.uleb128 0xb
 1532 006c 3B       		.uleb128 0x3b
 1533 006d 05       		.uleb128 0x5
 1534 006e 49       		.uleb128 0x49
 1535 006f 13       		.uleb128 0x13
ARM GAS  C:\Users\ecsa\AppData\Local\Temp\cc3TWlEO.s 			page 28


 1536 0070 3F       		.uleb128 0x3f
 1537 0071 19       		.uleb128 0x19
 1538 0072 02       		.uleb128 0x2
 1539 0073 18       		.uleb128 0x18
 1540 0074 00       		.byte	0
 1541 0075 00       		.byte	0
 1542 0076 00       		.byte	0
 1543              		.section	.debug_aranges,"",%progbits
 1544 0000 14000000 		.4byte	0x14
 1545 0004 0200     		.2byte	0x2
 1546 0006 00000000 		.4byte	.Ldebug_info0
 1547 000a 04       		.byte	0x4
 1548 000b 00       		.byte	0
 1549 000c 0000     		.2byte	0
 1550 000e 0000     		.2byte	0
 1551 0010 00000000 		.4byte	0
 1552 0014 00000000 		.4byte	0
 1553              		.section	.debug_line,"",%progbits
 1554              	.Ldebug_line0:
 1555 0000 3D010000 		.section	.debug_str,"MS",%progbits,1
 1555      02003701 
 1555      00000201 
 1555      FB0E0D00 
 1555      01010101 
 1556              	.LASF9:
 1557 0000 5F5F7569 		.ascii	"__uint8_t\000"
 1557      6E74385F 
 1557      7400
 1558              	.LASF17:
 1559 000a 474E5520 		.ascii	"GNU C11 5.4.1 20160609 (release) [ARM/embedded-5-br"
 1559      43313120 
 1559      352E342E 
 1559      31203230 
 1559      31363036 
 1560 003d 616E6368 		.ascii	"anch revision 237715] -mcpu=cortex-m3 -mthumb -g -O"
 1560      20726576 
 1560      6973696F 
 1560      6E203233 
 1560      37373135 
 1561 0070 30202D66 		.ascii	"0 -ffunction-sections -ffat-lto-objects\000"
 1561      66756E63 
 1561      74696F6E 
 1561      2D736563 
 1561      74696F6E 
 1562              	.LASF16:
 1563 0098 63795F6D 		.ascii	"cy_metadata\000"
 1563      65746164 
 1563      61746100 
 1564              	.LASF1:
 1565 00a4 756E7369 		.ascii	"unsigned char\000"
 1565      676E6564 
 1565      20636861 
 1565      7200
 1566              	.LASF5:
 1567 00b2 6C6F6E67 		.ascii	"long unsigned int\000"
 1567      20756E73 
 1567      69676E65 
ARM GAS  C:\Users\ecsa\AppData\Local\Temp\cc3TWlEO.s 			page 29


 1567      6420696E 
 1567      7400
 1568              	.LASF3:
 1569 00c4 73686F72 		.ascii	"short unsigned int\000"
 1569      7420756E 
 1569      7369676E 
 1569      65642069 
 1569      6E7400
 1570              	.LASF13:
 1571 00d7 63795F6D 		.ascii	"cy_meta_custnvl\000"
 1571      6574615F 
 1571      63757374 
 1571      6E766C00 
 1572              	.LASF12:
 1573 00e7 63795F6D 		.ascii	"cy_meta_configecc\000"
 1573      6574615F 
 1573      636F6E66 
 1573      69676563 
 1573      6300
 1574              	.LASF8:
 1575 00f9 756E7369 		.ascii	"unsigned int\000"
 1575      676E6564 
 1575      20696E74 
 1575      00
 1576              	.LASF7:
 1577 0106 6C6F6E67 		.ascii	"long long unsigned int\000"
 1577      206C6F6E 
 1577      6720756E 
 1577      7369676E 
 1577      65642069 
 1578              	.LASF10:
 1579 011d 75696E74 		.ascii	"uint8_t\000"
 1579      385F7400 
 1580              	.LASF15:
 1581 0125 63795F6D 		.ascii	"cy_meta_flashprotect\000"
 1581      6574615F 
 1581      666C6173 
 1581      6870726F 
 1581      74656374 
 1582              	.LASF14:
 1583 013a 63795F6D 		.ascii	"cy_meta_wonvl\000"
 1583      6574615F 
 1583      776F6E76 
 1583      6C00
 1584              	.LASF11:
 1585 0148 73697A65 		.ascii	"sizetype\000"
 1585      74797065 
 1585      00
 1586              	.LASF6:
 1587 0151 6C6F6E67 		.ascii	"long long int\000"
 1587      206C6F6E 
 1587      6720696E 
 1587      7400
 1588              	.LASF2:
 1589 015f 73686F72 		.ascii	"short int\000"
 1589      7420696E 
 1589      7400
ARM GAS  C:\Users\ecsa\AppData\Local\Temp\cc3TWlEO.s 			page 30


 1590              	.LASF19:
 1591 0169 433A5C55 		.ascii	"C:\\Users\\ecsa\\Desktop\\79427527\\CE95277 ADC and"
 1591      73657273 
 1591      5C656373 
 1591      615C4465 
 1591      736B746F 
 1592 0197 20554152 		.ascii	" UART.cywrk.Archive01\\CE95277 ADC and UART\\CE9527"
 1592      542E6379 
 1592      77726B2E 
 1592      41726368 
 1592      69766530 
 1593 01c8 37204144 		.ascii	"7 ADC and UART.cydsn\000"
 1593      4320616E 
 1593      64205541 
 1593      52542E63 
 1593      7964736E 
 1594              	.LASF4:
 1595 01dd 6C6F6E67 		.ascii	"long int\000"
 1595      20696E74 
 1595      00
 1596              	.LASF0:
 1597 01e6 7369676E 		.ascii	"signed char\000"
 1597      65642063 
 1597      68617200 
 1598              	.LASF18:
 1599 01f2 47656E65 		.ascii	"Generated_Source\\PSoC5\\cymetadata.c\000"
 1599      72617465 
 1599      645F536F 
 1599      75726365 
 1599      5C50536F 
 1600              		.ident	"GCC: (GNU Tools for ARM Embedded Processors) 5.4.1 20160609 (release) [ARM/embedded-5-bran
