ARM GAS  C:\Users\ecsa\AppData\Local\Temp\ccLNSXej.s 			page 1


   1              		.syntax unified
   2              		.cpu cortex-m3
   3              		.fpu softvfp
   4              		.eabi_attribute 20, 1
   5              		.eabi_attribute 21, 1
   6              		.eabi_attribute 23, 3
   7              		.eabi_attribute 24, 1
   8              		.eabi_attribute 25, 1
   9              		.eabi_attribute 26, 1
  10              		.eabi_attribute 30, 6
  11              		.eabi_attribute 34, 1
  12              		.eabi_attribute 18, 4
  13              		.thumb
  14              		.syntax unified
  15              		.file	"WaveDAC8.c"
  16              		.text
  17              	.Ltext0:
  18              		.cfi_sections	.debug_frame
  19              		.global	WaveDAC8_initVar
  20              		.bss
  21              		.type	WaveDAC8_initVar, %object
  22              		.size	WaveDAC8_initVar, 1
  23              	WaveDAC8_initVar:
  24 0000 00       		.space	1
  25              		.global	WaveDAC8_wave1
  26              		.section	.rodata
  27              		.align	2
  28              		.type	WaveDAC8_wave1, %object
  29              		.size	WaveDAC8_wave1, 100
  30              	WaveDAC8_wave1:
  31 0000 80       		.byte	-128
  32 0001 87       		.byte	-121
  33 0002 8F       		.byte	-113
  34 0003 97       		.byte	-105
  35 0004 9F       		.byte	-97
  36 0005 A6       		.byte	-90
  37 0006 AE       		.byte	-82
  38 0007 B5       		.byte	-75
  39 0008 BC       		.byte	-68
  40 0009 C2       		.byte	-62
  41 000a C9       		.byte	-55
  42 000b CF       		.byte	-49
  43 000c D5       		.byte	-43
  44 000d DB       		.byte	-37
  45 000e E0       		.byte	-32
  46 000f E5       		.byte	-27
  47 0010 E9       		.byte	-23
  48 0011 ED       		.byte	-19
  49 0012 F1       		.byte	-15
  50 0013 F4       		.byte	-12
  51 0014 F6       		.byte	-10
  52 0015 F9       		.byte	-7
  53 0016 FA       		.byte	-6
  54 0017 FC       		.byte	-4
  55 0018 FC       		.byte	-4
  56 0019 FC       		.byte	-4
  57 001a FC       		.byte	-4
ARM GAS  C:\Users\ecsa\AppData\Local\Temp\ccLNSXej.s 			page 2


  58 001b FC       		.byte	-4
  59 001c FA       		.byte	-6
  60 001d F9       		.byte	-7
  61 001e F6       		.byte	-10
  62 001f F4       		.byte	-12
  63 0020 F1       		.byte	-15
  64 0021 ED       		.byte	-19
  65 0022 E9       		.byte	-23
  66 0023 E5       		.byte	-27
  67 0024 E0       		.byte	-32
  68 0025 DB       		.byte	-37
  69 0026 D5       		.byte	-43
  70 0027 CF       		.byte	-49
  71 0028 C9       		.byte	-55
  72 0029 C2       		.byte	-62
  73 002a BC       		.byte	-68
  74 002b B5       		.byte	-75
  75 002c AE       		.byte	-82
  76 002d A6       		.byte	-90
  77 002e 9F       		.byte	-97
  78 002f 97       		.byte	-105
  79 0030 8F       		.byte	-113
  80 0031 87       		.byte	-121
  81 0032 80       		.byte	-128
  82 0033 78       		.byte	120
  83 0034 70       		.byte	112
  84 0035 68       		.byte	104
  85 0036 60       		.byte	96
  86 0037 59       		.byte	89
  87 0038 51       		.byte	81
  88 0039 4A       		.byte	74
  89 003a 43       		.byte	67
  90 003b 3D       		.byte	61
  91 003c 36       		.byte	54
  92 003d 30       		.byte	48
  93 003e 2A       		.byte	42
  94 003f 24       		.byte	36
  95 0040 1F       		.byte	31
  96 0041 1A       		.byte	26
  97 0042 16       		.byte	22
  98 0043 12       		.byte	18
  99 0044 0E       		.byte	14
 100 0045 0B       		.byte	11
 101 0046 09       		.byte	9
 102 0047 06       		.byte	6
 103 0048 05       		.byte	5
 104 0049 03       		.byte	3
 105 004a 03       		.byte	3
 106 004b 03       		.byte	3
 107 004c 03       		.byte	3
 108 004d 03       		.byte	3
 109 004e 05       		.byte	5
 110 004f 06       		.byte	6
 111 0050 09       		.byte	9
 112 0051 0B       		.byte	11
 113 0052 0E       		.byte	14
 114 0053 12       		.byte	18
ARM GAS  C:\Users\ecsa\AppData\Local\Temp\ccLNSXej.s 			page 3


 115 0054 16       		.byte	22
 116 0055 1A       		.byte	26
 117 0056 1F       		.byte	31
 118 0057 24       		.byte	36
 119 0058 2A       		.byte	42
 120 0059 30       		.byte	48
 121 005a 36       		.byte	54
 122 005b 3D       		.byte	61
 123 005c 43       		.byte	67
 124 005d 4A       		.byte	74
 125 005e 51       		.byte	81
 126 005f 59       		.byte	89
 127 0060 60       		.byte	96
 128 0061 68       		.byte	104
 129 0062 70       		.byte	112
 130 0063 78       		.byte	120
 131              		.global	WaveDAC8_wave2
 132              		.align	2
 133              		.type	WaveDAC8_wave2, %object
 134              		.size	WaveDAC8_wave2, 100
 135              	WaveDAC8_wave2:
 136 0064 80       		.byte	-128
 137 0065 84       		.byte	-124
 138 0066 8A       		.byte	-118
 139 0067 8F       		.byte	-113
 140 0068 94       		.byte	-108
 141 0069 98       		.byte	-104
 142 006a 9E       		.byte	-98
 143 006b A2       		.byte	-94
 144 006c A8       		.byte	-88
 145 006d AC       		.byte	-84
 146 006e B2       		.byte	-78
 147 006f B6       		.byte	-74
 148 0070 BC       		.byte	-68
 149 0071 C0       		.byte	-64
 150 0072 C6       		.byte	-58
 151 0073 CA       		.byte	-54
 152 0074 D0       		.byte	-48
 153 0075 D5       		.byte	-43
 154 0076 DA       		.byte	-38
 155 0077 DE       		.byte	-34
 156 0078 E4       		.byte	-28
 157 0079 E8       		.byte	-24
 158 007a EE       		.byte	-18
 159 007b F2       		.byte	-14
 160 007c F8       		.byte	-8
 161 007d FC       		.byte	-4
 162 007e F8       		.byte	-8
 163 007f F2       		.byte	-14
 164 0080 EE       		.byte	-18
 165 0081 E8       		.byte	-24
 166 0082 E4       		.byte	-28
 167 0083 DE       		.byte	-34
 168 0084 DA       		.byte	-38
 169 0085 D4       		.byte	-44
 170 0086 D0       		.byte	-48
 171 0087 CA       		.byte	-54
ARM GAS  C:\Users\ecsa\AppData\Local\Temp\ccLNSXej.s 			page 4


 172 0088 C6       		.byte	-58
 173 0089 C0       		.byte	-64
 174 008a BC       		.byte	-68
 175 008b B6       		.byte	-74
 176 008c B2       		.byte	-78
 177 008d AD       		.byte	-83
 178 008e A8       		.byte	-88
 179 008f A2       		.byte	-94
 180 0090 9E       		.byte	-98
 181 0091 98       		.byte	-104
 182 0092 94       		.byte	-108
 183 0093 8F       		.byte	-113
 184 0094 8A       		.byte	-118
 185 0095 84       		.byte	-124
 186 0096 80       		.byte	-128
 187 0097 7A       		.byte	122
 188 0098 76       		.byte	118
 189 0099 70       		.byte	112
 190 009a 6B       		.byte	107
 191 009b 66       		.byte	102
 192 009c 61       		.byte	97
 193 009d 5D       		.byte	93
 194 009e 58       		.byte	88
 195 009f 53       		.byte	83
 196 00a0 4E       		.byte	78
 197 00a1 49       		.byte	73
 198 00a2 44       		.byte	68
 199 00a3 3E       		.byte	62
 200 00a4 39       		.byte	57
 201 00a5 34       		.byte	52
 202 00a6 2F       		.byte	47
 203 00a7 2A       		.byte	42
 204 00a8 25       		.byte	37
 205 00a9 21       		.byte	33
 206 00aa 1C       		.byte	28
 207 00ab 17       		.byte	23
 208 00ac 12       		.byte	18
 209 00ad 0D       		.byte	13
 210 00ae 08       		.byte	8
 211 00af 03       		.byte	3
 212 00b0 08       		.byte	8
 213 00b1 0D       		.byte	13
 214 00b2 12       		.byte	18
 215 00b3 17       		.byte	23
 216 00b4 1C       		.byte	28
 217 00b5 21       		.byte	33
 218 00b6 25       		.byte	37
 219 00b7 2A       		.byte	42
 220 00b8 2F       		.byte	47
 221 00b9 34       		.byte	52
 222 00ba 39       		.byte	57
 223 00bb 3E       		.byte	62
 224 00bc 44       		.byte	68
 225 00bd 49       		.byte	73
 226 00be 4E       		.byte	78
 227 00bf 53       		.byte	83
 228 00c0 58       		.byte	88
ARM GAS  C:\Users\ecsa\AppData\Local\Temp\ccLNSXej.s 			page 5


 229 00c1 5D       		.byte	93
 230 00c2 61       		.byte	97
 231 00c3 66       		.byte	102
 232 00c4 6B       		.byte	107
 233 00c5 70       		.byte	112
 234 00c6 76       		.byte	118
 235 00c7 7A       		.byte	122
 236              		.bss
 237              	WaveDAC8_Wave1Chan:
 238 0001 00       		.space	1
 239              	WaveDAC8_Wave2Chan:
 240 0002 00       		.space	1
 241              	WaveDAC8_Wave1TD:
 242 0003 00       		.space	1
 243              	WaveDAC8_Wave2TD:
 244 0004 00       		.space	1
 245              		.section	.text.WaveDAC8_Init,"ax",%progbits
 246              		.align	2
 247              		.global	WaveDAC8_Init
 248              		.thumb
 249              		.thumb_func
 250              		.type	WaveDAC8_Init, %function
 251              	WaveDAC8_Init:
 252              	.LFB0:
 253              		.file 1 "Generated_Source\\PSoC5\\WaveDAC8.c"
   1:Generated_Source\PSoC5/WaveDAC8.c **** /*******************************************************************************
   2:Generated_Source\PSoC5/WaveDAC8.c **** * File Name: WaveDAC8.c
   3:Generated_Source\PSoC5/WaveDAC8.c **** * Version 2.10
   4:Generated_Source\PSoC5/WaveDAC8.c **** *
   5:Generated_Source\PSoC5/WaveDAC8.c **** * Description:
   6:Generated_Source\PSoC5/WaveDAC8.c **** *  This file provides the source code for the 8-bit Waveform DAC 
   7:Generated_Source\PSoC5/WaveDAC8.c **** *  (WaveDAC8) Component.
   8:Generated_Source\PSoC5/WaveDAC8.c **** *
   9:Generated_Source\PSoC5/WaveDAC8.c **** ********************************************************************************
  10:Generated_Source\PSoC5/WaveDAC8.c **** * Copyright 2013, Cypress Semiconductor Corporation.  All rights reserved.
  11:Generated_Source\PSoC5/WaveDAC8.c **** * You may use this file only in accordance with the license, terms, conditions,
  12:Generated_Source\PSoC5/WaveDAC8.c **** * disclaimers, and limitations in the end user license agreement accompanying
  13:Generated_Source\PSoC5/WaveDAC8.c **** * the software package with which this file was provided.
  14:Generated_Source\PSoC5/WaveDAC8.c **** *******************************************************************************/
  15:Generated_Source\PSoC5/WaveDAC8.c **** 
  16:Generated_Source\PSoC5/WaveDAC8.c **** #include "WaveDAC8.h"
  17:Generated_Source\PSoC5/WaveDAC8.c **** 
  18:Generated_Source\PSoC5/WaveDAC8.c **** uint8  WaveDAC8_initVar = 0u;
  19:Generated_Source\PSoC5/WaveDAC8.c **** 
  20:Generated_Source\PSoC5/WaveDAC8.c **** const uint8 CYCODE WaveDAC8_wave1[WaveDAC8_WAVE1_LENGTH] = { 128u,135u,143u,151u,159u,166u,174u,181
  21:Generated_Source\PSoC5/WaveDAC8.c **** const uint8 CYCODE WaveDAC8_wave2[WaveDAC8_WAVE2_LENGTH] = { 128u,132u,138u,143u,148u,152u,158u,162
  22:Generated_Source\PSoC5/WaveDAC8.c **** 
  23:Generated_Source\PSoC5/WaveDAC8.c **** static uint8  WaveDAC8_Wave1Chan;
  24:Generated_Source\PSoC5/WaveDAC8.c **** static uint8  WaveDAC8_Wave2Chan;
  25:Generated_Source\PSoC5/WaveDAC8.c **** static uint8  WaveDAC8_Wave1TD;
  26:Generated_Source\PSoC5/WaveDAC8.c **** static uint8  WaveDAC8_Wave2TD;
  27:Generated_Source\PSoC5/WaveDAC8.c **** 
  28:Generated_Source\PSoC5/WaveDAC8.c **** 
  29:Generated_Source\PSoC5/WaveDAC8.c **** /*******************************************************************************
  30:Generated_Source\PSoC5/WaveDAC8.c **** * Function Name: WaveDAC8_Init
  31:Generated_Source\PSoC5/WaveDAC8.c **** ********************************************************************************
  32:Generated_Source\PSoC5/WaveDAC8.c **** *
ARM GAS  C:\Users\ecsa\AppData\Local\Temp\ccLNSXej.s 			page 6


  33:Generated_Source\PSoC5/WaveDAC8.c **** * Summary:
  34:Generated_Source\PSoC5/WaveDAC8.c **** *  Initializes component with parameters set in the customizer.
  35:Generated_Source\PSoC5/WaveDAC8.c **** *
  36:Generated_Source\PSoC5/WaveDAC8.c **** * Parameters:  
  37:Generated_Source\PSoC5/WaveDAC8.c **** *  None
  38:Generated_Source\PSoC5/WaveDAC8.c **** *
  39:Generated_Source\PSoC5/WaveDAC8.c **** * Return: 
  40:Generated_Source\PSoC5/WaveDAC8.c **** *  None
  41:Generated_Source\PSoC5/WaveDAC8.c **** *
  42:Generated_Source\PSoC5/WaveDAC8.c **** *******************************************************************************/
  43:Generated_Source\PSoC5/WaveDAC8.c **** void WaveDAC8_Init(void) 
  44:Generated_Source\PSoC5/WaveDAC8.c **** {
 254              		.loc 1 44 0
 255              		.cfi_startproc
 256              		@ args = 0, pretend = 0, frame = 0
 257              		@ frame_needed = 1, uses_anonymous_args = 0
 258 0000 80B5     		push	{r7, lr}
 259              		.cfi_def_cfa_offset 8
 260              		.cfi_offset 7, -8
 261              		.cfi_offset 14, -4
 262 0002 00AF     		add	r7, sp, #0
 263              		.cfi_def_cfa_register 7
  45:Generated_Source\PSoC5/WaveDAC8.c **** 	WaveDAC8_VDAC8_Init();
 264              		.loc 1 45 0
 265 0004 FFF7FEFF 		bl	WaveDAC8_VDAC8_Init
  46:Generated_Source\PSoC5/WaveDAC8.c **** 	WaveDAC8_VDAC8_SetSpeed(WaveDAC8_HIGHSPEED);
 266              		.loc 1 46 0
 267 0008 0220     		movs	r0, #2
 268 000a FFF7FEFF 		bl	WaveDAC8_VDAC8_SetSpeed
  47:Generated_Source\PSoC5/WaveDAC8.c **** 	WaveDAC8_VDAC8_SetRange(WaveDAC8_DAC_RANGE);
 269              		.loc 1 47 0
 270 000e 0020     		movs	r0, #0
 271 0010 FFF7FEFF 		bl	WaveDAC8_VDAC8_SetRange
  48:Generated_Source\PSoC5/WaveDAC8.c **** 
  49:Generated_Source\PSoC5/WaveDAC8.c **** 	#if(WaveDAC8_DAC_MODE == WaveDAC8_CURRENT_MODE)
  50:Generated_Source\PSoC5/WaveDAC8.c **** 		WaveDAC8_IDAC8_SetPolarity(WaveDAC8_DAC_POL);
  51:Generated_Source\PSoC5/WaveDAC8.c **** 	#endif /* WaveDAC8_DAC_MODE == WaveDAC8_CURRENT_MODE */
  52:Generated_Source\PSoC5/WaveDAC8.c **** 
  53:Generated_Source\PSoC5/WaveDAC8.c **** 	#if(WaveDAC8_OUT_MODE == WaveDAC8_BUFFER_MODE)
  54:Generated_Source\PSoC5/WaveDAC8.c **** 	   WaveDAC8_BuffAmp_Init();
  55:Generated_Source\PSoC5/WaveDAC8.c **** 	#endif /* WaveDAC8_OUT_MODE == WaveDAC8_BUFFER_MODE */
  56:Generated_Source\PSoC5/WaveDAC8.c **** 
  57:Generated_Source\PSoC5/WaveDAC8.c **** 	/* Get the TD Number for the DMA channel 1 and 2   */
  58:Generated_Source\PSoC5/WaveDAC8.c **** 	WaveDAC8_Wave1TD = CyDmaTdAllocate();
 272              		.loc 1 58 0
 273 0014 FFF7FEFF 		bl	CyDmaTdAllocate
 274 0018 0346     		mov	r3, r0
 275 001a 1A46     		mov	r2, r3
 276 001c 084B     		ldr	r3, .L2
 277 001e 1A70     		strb	r2, [r3]
  59:Generated_Source\PSoC5/WaveDAC8.c **** 	WaveDAC8_Wave2TD = CyDmaTdAllocate();
 278              		.loc 1 59 0
 279 0020 FFF7FEFF 		bl	CyDmaTdAllocate
 280 0024 0346     		mov	r3, r0
 281 0026 1A46     		mov	r2, r3
 282 0028 064B     		ldr	r3, .L2+4
 283 002a 1A70     		strb	r2, [r3]
ARM GAS  C:\Users\ecsa\AppData\Local\Temp\ccLNSXej.s 			page 7


  60:Generated_Source\PSoC5/WaveDAC8.c **** 	
  61:Generated_Source\PSoC5/WaveDAC8.c **** 	/* Initialize waveform pointers  */
  62:Generated_Source\PSoC5/WaveDAC8.c **** 	WaveDAC8_Wave1Setup(WaveDAC8_wave1, WaveDAC8_WAVE1_LENGTH) ;
 284              		.loc 1 62 0
 285 002c 6421     		movs	r1, #100
 286 002e 0648     		ldr	r0, .L2+8
 287 0030 FFF7FEFF 		bl	WaveDAC8_Wave1Setup
  63:Generated_Source\PSoC5/WaveDAC8.c **** 	WaveDAC8_Wave2Setup(WaveDAC8_wave2, WaveDAC8_WAVE2_LENGTH) ;
 288              		.loc 1 63 0
 289 0034 6421     		movs	r1, #100
 290 0036 0548     		ldr	r0, .L2+12
 291 0038 FFF7FEFF 		bl	WaveDAC8_Wave2Setup
  64:Generated_Source\PSoC5/WaveDAC8.c **** 	
  65:Generated_Source\PSoC5/WaveDAC8.c **** 	/* Initialize the internal clock if one present  */
  66:Generated_Source\PSoC5/WaveDAC8.c **** 	#if defined(WaveDAC8_DacClk_PHASE)
  67:Generated_Source\PSoC5/WaveDAC8.c **** 	   WaveDAC8_DacClk_SetPhase(WaveDAC8_CLK_PHASE_0nS);
  68:Generated_Source\PSoC5/WaveDAC8.c **** 	#endif /* defined(WaveDAC8_DacClk_PHASE) */
  69:Generated_Source\PSoC5/WaveDAC8.c **** }
 292              		.loc 1 69 0
 293 003c 00BF     		nop
 294 003e 80BD     		pop	{r7, pc}
 295              	.L3:
 296              		.align	2
 297              	.L2:
 298 0040 03000000 		.word	WaveDAC8_Wave1TD
 299 0044 04000000 		.word	WaveDAC8_Wave2TD
 300 0048 00000000 		.word	WaveDAC8_wave1
 301 004c 00000000 		.word	WaveDAC8_wave2
 302              		.cfi_endproc
 303              	.LFE0:
 304              		.size	WaveDAC8_Init, .-WaveDAC8_Init
 305              		.section	.text.WaveDAC8_Enable,"ax",%progbits
 306              		.align	2
 307              		.global	WaveDAC8_Enable
 308              		.thumb
 309              		.thumb_func
 310              		.type	WaveDAC8_Enable, %function
 311              	WaveDAC8_Enable:
 312              	.LFB1:
  70:Generated_Source\PSoC5/WaveDAC8.c **** 
  71:Generated_Source\PSoC5/WaveDAC8.c **** 
  72:Generated_Source\PSoC5/WaveDAC8.c **** /*******************************************************************************
  73:Generated_Source\PSoC5/WaveDAC8.c **** * Function Name: WaveDAC8_Enable
  74:Generated_Source\PSoC5/WaveDAC8.c **** ********************************************************************************
  75:Generated_Source\PSoC5/WaveDAC8.c **** *  
  76:Generated_Source\PSoC5/WaveDAC8.c **** * Summary: 
  77:Generated_Source\PSoC5/WaveDAC8.c **** *  Enables the DAC block and DMA operation.
  78:Generated_Source\PSoC5/WaveDAC8.c **** *
  79:Generated_Source\PSoC5/WaveDAC8.c **** * Parameters:  
  80:Generated_Source\PSoC5/WaveDAC8.c **** *  None
  81:Generated_Source\PSoC5/WaveDAC8.c **** *
  82:Generated_Source\PSoC5/WaveDAC8.c **** * Return: 
  83:Generated_Source\PSoC5/WaveDAC8.c **** *  None
  84:Generated_Source\PSoC5/WaveDAC8.c **** *
  85:Generated_Source\PSoC5/WaveDAC8.c **** *******************************************************************************/
  86:Generated_Source\PSoC5/WaveDAC8.c **** void WaveDAC8_Enable(void) 
  87:Generated_Source\PSoC5/WaveDAC8.c **** {
ARM GAS  C:\Users\ecsa\AppData\Local\Temp\ccLNSXej.s 			page 8


 313              		.loc 1 87 0
 314              		.cfi_startproc
 315              		@ args = 0, pretend = 0, frame = 0
 316              		@ frame_needed = 1, uses_anonymous_args = 0
 317 0000 80B5     		push	{r7, lr}
 318              		.cfi_def_cfa_offset 8
 319              		.cfi_offset 7, -8
 320              		.cfi_offset 14, -4
 321 0002 00AF     		add	r7, sp, #0
 322              		.cfi_def_cfa_register 7
  88:Generated_Source\PSoC5/WaveDAC8.c **** 	WaveDAC8_VDAC8_Enable();
 323              		.loc 1 88 0
 324 0004 FFF7FEFF 		bl	WaveDAC8_VDAC8_Enable
  89:Generated_Source\PSoC5/WaveDAC8.c **** 
  90:Generated_Source\PSoC5/WaveDAC8.c **** 	#if(WaveDAC8_OUT_MODE == WaveDAC8_BUFFER_MODE)
  91:Generated_Source\PSoC5/WaveDAC8.c **** 	   WaveDAC8_BuffAmp_Enable();
  92:Generated_Source\PSoC5/WaveDAC8.c **** 	#endif /* WaveDAC8_OUT_MODE == WaveDAC8_BUFFER_MODE */
  93:Generated_Source\PSoC5/WaveDAC8.c **** 
  94:Generated_Source\PSoC5/WaveDAC8.c **** 	/* 
  95:Generated_Source\PSoC5/WaveDAC8.c **** 	* Enable the channel. It is configured to remember the TD value so that
  96:Generated_Source\PSoC5/WaveDAC8.c **** 	* it can be restored from the place where it has been stopped.
  97:Generated_Source\PSoC5/WaveDAC8.c **** 	*/
  98:Generated_Source\PSoC5/WaveDAC8.c **** 	(void)CyDmaChEnable(WaveDAC8_Wave1Chan, 1u);
 325              		.loc 1 98 0
 326 0008 094B     		ldr	r3, .L5
 327 000a 1B78     		ldrb	r3, [r3]	@ zero_extendqisi2
 328 000c 0121     		movs	r1, #1
 329 000e 1846     		mov	r0, r3
 330 0010 FFF7FEFF 		bl	CyDmaChEnable
  99:Generated_Source\PSoC5/WaveDAC8.c **** 	(void)CyDmaChEnable(WaveDAC8_Wave2Chan, 1u);
 331              		.loc 1 99 0
 332 0014 074B     		ldr	r3, .L5+4
 333 0016 1B78     		ldrb	r3, [r3]	@ zero_extendqisi2
 334 0018 0121     		movs	r1, #1
 335 001a 1846     		mov	r0, r3
 336 001c FFF7FEFF 		bl	CyDmaChEnable
 100:Generated_Source\PSoC5/WaveDAC8.c **** 	
 101:Generated_Source\PSoC5/WaveDAC8.c **** 	/* set the initial value */
 102:Generated_Source\PSoC5/WaveDAC8.c **** 	WaveDAC8_SetValue(0u);
 337              		.loc 1 102 0
 338 0020 0020     		movs	r0, #0
 339 0022 FFF7FEFF 		bl	WaveDAC8_VDAC8_SetValue
 103:Generated_Source\PSoC5/WaveDAC8.c **** 	
 104:Generated_Source\PSoC5/WaveDAC8.c **** 	#if(WaveDAC8_CLOCK_SRC == WaveDAC8_CLOCK_INT)  	
 105:Generated_Source\PSoC5/WaveDAC8.c **** 	   WaveDAC8_DacClk_Start();
 340              		.loc 1 105 0
 341 0026 FFF7FEFF 		bl	WaveDAC8_DacClk_Start
 106:Generated_Source\PSoC5/WaveDAC8.c **** 	#endif /* WaveDAC8_CLOCK_SRC == WaveDAC8_CLOCK_INT */
 107:Generated_Source\PSoC5/WaveDAC8.c **** }
 342              		.loc 1 107 0
 343 002a 00BF     		nop
 344 002c 80BD     		pop	{r7, pc}
 345              	.L6:
 346 002e 00BF     		.align	2
 347              	.L5:
 348 0030 01000000 		.word	WaveDAC8_Wave1Chan
 349 0034 02000000 		.word	WaveDAC8_Wave2Chan
ARM GAS  C:\Users\ecsa\AppData\Local\Temp\ccLNSXej.s 			page 9


 350              		.cfi_endproc
 351              	.LFE1:
 352              		.size	WaveDAC8_Enable, .-WaveDAC8_Enable
 353              		.section	.text.WaveDAC8_Start,"ax",%progbits
 354              		.align	2
 355              		.global	WaveDAC8_Start
 356              		.thumb
 357              		.thumb_func
 358              		.type	WaveDAC8_Start, %function
 359              	WaveDAC8_Start:
 360              	.LFB2:
 108:Generated_Source\PSoC5/WaveDAC8.c **** 
 109:Generated_Source\PSoC5/WaveDAC8.c **** 
 110:Generated_Source\PSoC5/WaveDAC8.c **** /*******************************************************************************
 111:Generated_Source\PSoC5/WaveDAC8.c **** * Function Name: WaveDAC8_Start
 112:Generated_Source\PSoC5/WaveDAC8.c **** ********************************************************************************
 113:Generated_Source\PSoC5/WaveDAC8.c **** *
 114:Generated_Source\PSoC5/WaveDAC8.c **** * Summary:
 115:Generated_Source\PSoC5/WaveDAC8.c **** *  The start function initializes the voltage DAC with the default values, 
 116:Generated_Source\PSoC5/WaveDAC8.c **** *  and sets the power to the given level.  A power level of 0, is the same as 
 117:Generated_Source\PSoC5/WaveDAC8.c **** *  executing the stop function.
 118:Generated_Source\PSoC5/WaveDAC8.c **** *
 119:Generated_Source\PSoC5/WaveDAC8.c **** * Parameters:  
 120:Generated_Source\PSoC5/WaveDAC8.c **** *  None
 121:Generated_Source\PSoC5/WaveDAC8.c **** *
 122:Generated_Source\PSoC5/WaveDAC8.c **** * Return: 
 123:Generated_Source\PSoC5/WaveDAC8.c **** *  None
 124:Generated_Source\PSoC5/WaveDAC8.c **** *
 125:Generated_Source\PSoC5/WaveDAC8.c **** * Reentrant:
 126:Generated_Source\PSoC5/WaveDAC8.c **** *  No
 127:Generated_Source\PSoC5/WaveDAC8.c **** *
 128:Generated_Source\PSoC5/WaveDAC8.c **** *******************************************************************************/
 129:Generated_Source\PSoC5/WaveDAC8.c **** void WaveDAC8_Start(void) 
 130:Generated_Source\PSoC5/WaveDAC8.c **** {
 361              		.loc 1 130 0
 362              		.cfi_startproc
 363              		@ args = 0, pretend = 0, frame = 0
 364              		@ frame_needed = 1, uses_anonymous_args = 0
 365 0000 80B5     		push	{r7, lr}
 366              		.cfi_def_cfa_offset 8
 367              		.cfi_offset 7, -8
 368              		.cfi_offset 14, -4
 369 0002 00AF     		add	r7, sp, #0
 370              		.cfi_def_cfa_register 7
 131:Generated_Source\PSoC5/WaveDAC8.c **** 	/* If not Initialized then initialize all required hardware and software */
 132:Generated_Source\PSoC5/WaveDAC8.c **** 	if(WaveDAC8_initVar == 0u)
 371              		.loc 1 132 0
 372 0004 064B     		ldr	r3, .L9
 373 0006 1B78     		ldrb	r3, [r3]	@ zero_extendqisi2
 374 0008 002B     		cmp	r3, #0
 375 000a 04D1     		bne	.L8
 133:Generated_Source\PSoC5/WaveDAC8.c **** 	{
 134:Generated_Source\PSoC5/WaveDAC8.c **** 		WaveDAC8_Init();
 376              		.loc 1 134 0
 377 000c FFF7FEFF 		bl	WaveDAC8_Init
 135:Generated_Source\PSoC5/WaveDAC8.c **** 		WaveDAC8_initVar = 1u;
 378              		.loc 1 135 0
ARM GAS  C:\Users\ecsa\AppData\Local\Temp\ccLNSXej.s 			page 10


 379 0010 034B     		ldr	r3, .L9
 380 0012 0122     		movs	r2, #1
 381 0014 1A70     		strb	r2, [r3]
 382              	.L8:
 136:Generated_Source\PSoC5/WaveDAC8.c **** 	}
 137:Generated_Source\PSoC5/WaveDAC8.c **** 	
 138:Generated_Source\PSoC5/WaveDAC8.c **** 	WaveDAC8_Enable();
 383              		.loc 1 138 0
 384 0016 FFF7FEFF 		bl	WaveDAC8_Enable
 139:Generated_Source\PSoC5/WaveDAC8.c **** }
 385              		.loc 1 139 0
 386 001a 00BF     		nop
 387 001c 80BD     		pop	{r7, pc}
 388              	.L10:
 389 001e 00BF     		.align	2
 390              	.L9:
 391 0020 00000000 		.word	WaveDAC8_initVar
 392              		.cfi_endproc
 393              	.LFE2:
 394              		.size	WaveDAC8_Start, .-WaveDAC8_Start
 395              		.section	.text.WaveDAC8_StartEx,"ax",%progbits
 396              		.align	2
 397              		.global	WaveDAC8_StartEx
 398              		.thumb
 399              		.thumb_func
 400              		.type	WaveDAC8_StartEx, %function
 401              	WaveDAC8_StartEx:
 402              	.LFB3:
 140:Generated_Source\PSoC5/WaveDAC8.c **** 
 141:Generated_Source\PSoC5/WaveDAC8.c **** 
 142:Generated_Source\PSoC5/WaveDAC8.c **** /*******************************************************************************
 143:Generated_Source\PSoC5/WaveDAC8.c **** * Function Name: WaveDAC8_StartEx
 144:Generated_Source\PSoC5/WaveDAC8.c **** ********************************************************************************
 145:Generated_Source\PSoC5/WaveDAC8.c **** *
 146:Generated_Source\PSoC5/WaveDAC8.c **** * Summary:
 147:Generated_Source\PSoC5/WaveDAC8.c **** *  The StartEx function sets pointers and sizes for both waveforms
 148:Generated_Source\PSoC5/WaveDAC8.c **** *  and then starts the component.
 149:Generated_Source\PSoC5/WaveDAC8.c **** *
 150:Generated_Source\PSoC5/WaveDAC8.c **** * Parameters:  
 151:Generated_Source\PSoC5/WaveDAC8.c **** *   uint8 * wavePtr1:     Pointer to the waveform 1 array.
 152:Generated_Source\PSoC5/WaveDAC8.c **** *   uint16  sampleSize1:  The amount of samples in the waveform 1.
 153:Generated_Source\PSoC5/WaveDAC8.c **** *   uint8 * wavePtr2:     Pointer to the waveform 2 array.
 154:Generated_Source\PSoC5/WaveDAC8.c **** *   uint16  sampleSize2:  The amount of samples in the waveform 2.
 155:Generated_Source\PSoC5/WaveDAC8.c **** *
 156:Generated_Source\PSoC5/WaveDAC8.c **** * Return: 
 157:Generated_Source\PSoC5/WaveDAC8.c **** *  None
 158:Generated_Source\PSoC5/WaveDAC8.c **** *
 159:Generated_Source\PSoC5/WaveDAC8.c **** * Reentrant:
 160:Generated_Source\PSoC5/WaveDAC8.c **** *  No
 161:Generated_Source\PSoC5/WaveDAC8.c **** *
 162:Generated_Source\PSoC5/WaveDAC8.c **** *******************************************************************************/
 163:Generated_Source\PSoC5/WaveDAC8.c **** void WaveDAC8_StartEx(const uint8 * wavePtr1, uint16 sampleSize1, const uint8 * wavePtr2, uint16 sa
 164:Generated_Source\PSoC5/WaveDAC8.c **** 
 165:Generated_Source\PSoC5/WaveDAC8.c **** {
 403              		.loc 1 165 0
 404              		.cfi_startproc
 405              		@ args = 0, pretend = 0, frame = 16
ARM GAS  C:\Users\ecsa\AppData\Local\Temp\ccLNSXej.s 			page 11


 406              		@ frame_needed = 1, uses_anonymous_args = 0
 407 0000 80B5     		push	{r7, lr}
 408              		.cfi_def_cfa_offset 8
 409              		.cfi_offset 7, -8
 410              		.cfi_offset 14, -4
 411 0002 84B0     		sub	sp, sp, #16
 412              		.cfi_def_cfa_offset 24
 413 0004 00AF     		add	r7, sp, #0
 414              		.cfi_def_cfa_register 7
 415 0006 F860     		str	r0, [r7, #12]
 416 0008 7A60     		str	r2, [r7, #4]
 417 000a 1A46     		mov	r2, r3
 418 000c 0B46     		mov	r3, r1	@ movhi
 419 000e 7B81     		strh	r3, [r7, #10]	@ movhi
 420 0010 1346     		mov	r3, r2	@ movhi
 421 0012 3B81     		strh	r3, [r7, #8]	@ movhi
 166:Generated_Source\PSoC5/WaveDAC8.c **** 	WaveDAC8_Wave1Setup(wavePtr1, sampleSize1);
 422              		.loc 1 166 0
 423 0014 7B89     		ldrh	r3, [r7, #10]
 424 0016 1946     		mov	r1, r3
 425 0018 F868     		ldr	r0, [r7, #12]
 426 001a FFF7FEFF 		bl	WaveDAC8_Wave1Setup
 167:Generated_Source\PSoC5/WaveDAC8.c **** 	WaveDAC8_Wave2Setup(wavePtr2, sampleSize2);
 427              		.loc 1 167 0
 428 001e 3B89     		ldrh	r3, [r7, #8]
 429 0020 1946     		mov	r1, r3
 430 0022 7868     		ldr	r0, [r7, #4]
 431 0024 FFF7FEFF 		bl	WaveDAC8_Wave2Setup
 168:Generated_Source\PSoC5/WaveDAC8.c **** 	WaveDAC8_Start();
 432              		.loc 1 168 0
 433 0028 FFF7FEFF 		bl	WaveDAC8_Start
 169:Generated_Source\PSoC5/WaveDAC8.c **** }
 434              		.loc 1 169 0
 435 002c 00BF     		nop
 436 002e 1037     		adds	r7, r7, #16
 437              		.cfi_def_cfa_offset 8
 438 0030 BD46     		mov	sp, r7
 439              		.cfi_def_cfa_register 13
 440              		@ sp needed
 441 0032 80BD     		pop	{r7, pc}
 442              		.cfi_endproc
 443              	.LFE3:
 444              		.size	WaveDAC8_StartEx, .-WaveDAC8_StartEx
 445              		.section	.text.WaveDAC8_Stop,"ax",%progbits
 446              		.align	2
 447              		.global	WaveDAC8_Stop
 448              		.thumb
 449              		.thumb_func
 450              		.type	WaveDAC8_Stop, %function
 451              	WaveDAC8_Stop:
 452              	.LFB4:
 170:Generated_Source\PSoC5/WaveDAC8.c **** 
 171:Generated_Source\PSoC5/WaveDAC8.c **** 
 172:Generated_Source\PSoC5/WaveDAC8.c **** /*******************************************************************************
 173:Generated_Source\PSoC5/WaveDAC8.c **** * Function Name: WaveDAC8_Stop
 174:Generated_Source\PSoC5/WaveDAC8.c **** ********************************************************************************
 175:Generated_Source\PSoC5/WaveDAC8.c **** *
ARM GAS  C:\Users\ecsa\AppData\Local\Temp\ccLNSXej.s 			page 12


 176:Generated_Source\PSoC5/WaveDAC8.c **** * Summary:
 177:Generated_Source\PSoC5/WaveDAC8.c **** *  Stops the clock (if internal), disables the DMA channels
 178:Generated_Source\PSoC5/WaveDAC8.c **** *  and powers down the DAC.
 179:Generated_Source\PSoC5/WaveDAC8.c **** *
 180:Generated_Source\PSoC5/WaveDAC8.c **** * Parameters:  
 181:Generated_Source\PSoC5/WaveDAC8.c **** *  None  
 182:Generated_Source\PSoC5/WaveDAC8.c **** *
 183:Generated_Source\PSoC5/WaveDAC8.c **** * Return: 
 184:Generated_Source\PSoC5/WaveDAC8.c **** *  None
 185:Generated_Source\PSoC5/WaveDAC8.c **** *
 186:Generated_Source\PSoC5/WaveDAC8.c **** *******************************************************************************/
 187:Generated_Source\PSoC5/WaveDAC8.c **** void WaveDAC8_Stop(void) 
 188:Generated_Source\PSoC5/WaveDAC8.c **** {
 453              		.loc 1 188 0
 454              		.cfi_startproc
 455              		@ args = 0, pretend = 0, frame = 0
 456              		@ frame_needed = 1, uses_anonymous_args = 0
 457 0000 80B5     		push	{r7, lr}
 458              		.cfi_def_cfa_offset 8
 459              		.cfi_offset 7, -8
 460              		.cfi_offset 14, -4
 461 0002 00AF     		add	r7, sp, #0
 462              		.cfi_def_cfa_register 7
 189:Generated_Source\PSoC5/WaveDAC8.c **** 	/* Turn off internal clock, if one present */
 190:Generated_Source\PSoC5/WaveDAC8.c **** 	#if(WaveDAC8_CLOCK_SRC == WaveDAC8_CLOCK_INT)  	
 191:Generated_Source\PSoC5/WaveDAC8.c **** 	   WaveDAC8_DacClk_Stop();
 463              		.loc 1 191 0
 464 0004 FFF7FEFF 		bl	WaveDAC8_DacClk_Stop
 192:Generated_Source\PSoC5/WaveDAC8.c **** 	#endif /* WaveDAC8_CLOCK_SRC == WaveDAC8_CLOCK_INT */
 193:Generated_Source\PSoC5/WaveDAC8.c **** 	
 194:Generated_Source\PSoC5/WaveDAC8.c **** 	/* Disble DMA channels */
 195:Generated_Source\PSoC5/WaveDAC8.c **** 	(void)CyDmaChDisable(WaveDAC8_Wave1Chan);
 465              		.loc 1 195 0
 466 0008 064B     		ldr	r3, .L13
 467 000a 1B78     		ldrb	r3, [r3]	@ zero_extendqisi2
 468 000c 1846     		mov	r0, r3
 469 000e FFF7FEFF 		bl	CyDmaChDisable
 196:Generated_Source\PSoC5/WaveDAC8.c **** 	(void)CyDmaChDisable(WaveDAC8_Wave2Chan);
 470              		.loc 1 196 0
 471 0012 054B     		ldr	r3, .L13+4
 472 0014 1B78     		ldrb	r3, [r3]	@ zero_extendqisi2
 473 0016 1846     		mov	r0, r3
 474 0018 FFF7FEFF 		bl	CyDmaChDisable
 197:Generated_Source\PSoC5/WaveDAC8.c **** 
 198:Generated_Source\PSoC5/WaveDAC8.c **** 	/* Disable power to DAC */
 199:Generated_Source\PSoC5/WaveDAC8.c **** 	WaveDAC8_VDAC8_Stop();
 475              		.loc 1 199 0
 476 001c FFF7FEFF 		bl	WaveDAC8_VDAC8_Stop
 200:Generated_Source\PSoC5/WaveDAC8.c **** }
 477              		.loc 1 200 0
 478 0020 00BF     		nop
 479 0022 80BD     		pop	{r7, pc}
 480              	.L14:
 481              		.align	2
 482              	.L13:
 483 0024 01000000 		.word	WaveDAC8_Wave1Chan
 484 0028 02000000 		.word	WaveDAC8_Wave2Chan
ARM GAS  C:\Users\ecsa\AppData\Local\Temp\ccLNSXej.s 			page 13


 485              		.cfi_endproc
 486              	.LFE4:
 487              		.size	WaveDAC8_Stop, .-WaveDAC8_Stop
 488              		.section	.text.WaveDAC8_Wave1Setup,"ax",%progbits
 489              		.align	2
 490              		.global	WaveDAC8_Wave1Setup
 491              		.thumb
 492              		.thumb_func
 493              		.type	WaveDAC8_Wave1Setup, %function
 494              	WaveDAC8_Wave1Setup:
 495              	.LFB5:
 201:Generated_Source\PSoC5/WaveDAC8.c **** 
 202:Generated_Source\PSoC5/WaveDAC8.c **** 
 203:Generated_Source\PSoC5/WaveDAC8.c **** /*******************************************************************************
 204:Generated_Source\PSoC5/WaveDAC8.c **** * Function Name: WaveDAC8_Wave1Setup
 205:Generated_Source\PSoC5/WaveDAC8.c **** ********************************************************************************
 206:Generated_Source\PSoC5/WaveDAC8.c **** *
 207:Generated_Source\PSoC5/WaveDAC8.c **** * Summary:
 208:Generated_Source\PSoC5/WaveDAC8.c **** *  Sets pointer and size for waveform 1.                                    
 209:Generated_Source\PSoC5/WaveDAC8.c **** *
 210:Generated_Source\PSoC5/WaveDAC8.c **** * Parameters:  
 211:Generated_Source\PSoC5/WaveDAC8.c **** *  uint8 * WavePtr:     Pointer to the waveform array.
 212:Generated_Source\PSoC5/WaveDAC8.c **** *  uint16  SampleSize:  The amount of samples in the waveform.
 213:Generated_Source\PSoC5/WaveDAC8.c **** *
 214:Generated_Source\PSoC5/WaveDAC8.c **** * Return: 
 215:Generated_Source\PSoC5/WaveDAC8.c **** *  None 
 216:Generated_Source\PSoC5/WaveDAC8.c **** *
 217:Generated_Source\PSoC5/WaveDAC8.c **** *******************************************************************************/
 218:Generated_Source\PSoC5/WaveDAC8.c **** void WaveDAC8_Wave1Setup(const uint8 * wavePtr, uint16 sampleSize)
 219:Generated_Source\PSoC5/WaveDAC8.c **** 
 220:Generated_Source\PSoC5/WaveDAC8.c **** {
 496              		.loc 1 220 0
 497              		.cfi_startproc
 498              		@ args = 0, pretend = 0, frame = 8
 499              		@ frame_needed = 1, uses_anonymous_args = 0
 500 0000 80B5     		push	{r7, lr}
 501              		.cfi_def_cfa_offset 8
 502              		.cfi_offset 7, -8
 503              		.cfi_offset 14, -4
 504 0002 82B0     		sub	sp, sp, #8
 505              		.cfi_def_cfa_offset 16
 506 0004 00AF     		add	r7, sp, #0
 507              		.cfi_def_cfa_register 7
 508 0006 7860     		str	r0, [r7, #4]
 509 0008 0B46     		mov	r3, r1
 510 000a 7B80     		strh	r3, [r7, #2]	@ movhi
 221:Generated_Source\PSoC5/WaveDAC8.c **** 	#if (CY_PSOC3)
 222:Generated_Source\PSoC5/WaveDAC8.c **** 		uint16 memoryType; /* determining the source memory type */
 223:Generated_Source\PSoC5/WaveDAC8.c **** 		memoryType = (WaveDAC8_HI16FLASHPTR == HI16(wavePtr)) ? HI16(CYDEV_FLS_BASE) : HI16(CYDEV_SRAM_BA
 224:Generated_Source\PSoC5/WaveDAC8.c **** 		
 225:Generated_Source\PSoC5/WaveDAC8.c **** 		WaveDAC8_Wave1Chan = WaveDAC8_Wave1_DMA_DmaInitialize(
 226:Generated_Source\PSoC5/WaveDAC8.c **** 		WaveDAC8_Wave1_DMA_BYTES_PER_BURST, WaveDAC8_Wave1_DMA_REQUEST_PER_BURST,
 227:Generated_Source\PSoC5/WaveDAC8.c **** 		memoryType, HI16(CYDEV_PERIPH_BASE));
 228:Generated_Source\PSoC5/WaveDAC8.c **** 	#else /* PSoC 5 */
 229:Generated_Source\PSoC5/WaveDAC8.c **** 		WaveDAC8_Wave1Chan = WaveDAC8_Wave1_DMA_DmaInitialize(
 230:Generated_Source\PSoC5/WaveDAC8.c **** 		WaveDAC8_Wave1_DMA_BYTES_PER_BURST, WaveDAC8_Wave1_DMA_REQUEST_PER_BURST,
 231:Generated_Source\PSoC5/WaveDAC8.c **** 		HI16(wavePtr), HI16(WaveDAC8_DAC8__D));
ARM GAS  C:\Users\ecsa\AppData\Local\Temp\ccLNSXej.s 			page 14


 511              		.loc 1 231 0
 512 000c 7B68     		ldr	r3, [r7, #4]
 513 000e 1B0C     		lsrs	r3, r3, #16
 229:Generated_Source\PSoC5/WaveDAC8.c **** 		WaveDAC8_Wave1_DMA_BYTES_PER_BURST, WaveDAC8_Wave1_DMA_REQUEST_PER_BURST,
 514              		.loc 1 229 0
 515 0010 9AB2     		uxth	r2, r3
 516 0012 4FF48043 		mov	r3, #16384
 517 0016 0121     		movs	r1, #1
 518 0018 0120     		movs	r0, #1
 519 001a FFF7FEFF 		bl	WaveDAC8_Wave1_DMA_DmaInitialize
 520 001e 0346     		mov	r3, r0
 521 0020 1A46     		mov	r2, r3
 522 0022 0F4B     		ldr	r3, .L16
 523 0024 1A70     		strb	r2, [r3]
 232:Generated_Source\PSoC5/WaveDAC8.c **** 	#endif /* CY_PSOC3 */
 233:Generated_Source\PSoC5/WaveDAC8.c **** 	
 234:Generated_Source\PSoC5/WaveDAC8.c **** 	/*
 235:Generated_Source\PSoC5/WaveDAC8.c **** 	* TD is looping on itself. 
 236:Generated_Source\PSoC5/WaveDAC8.c ****     * Increment the source address, but not the destination address. 
 237:Generated_Source\PSoC5/WaveDAC8.c **** 	*/
 238:Generated_Source\PSoC5/WaveDAC8.c **** 	(void)CyDmaTdSetConfiguration(WaveDAC8_Wave1TD, sampleSize, WaveDAC8_Wave1TD, 
 524              		.loc 1 238 0
 525 0026 0F4B     		ldr	r3, .L16+4
 526 0028 1878     		ldrb	r0, [r3]	@ zero_extendqisi2
 527 002a 0E4B     		ldr	r3, .L16+4
 528 002c 1A78     		ldrb	r2, [r3]	@ zero_extendqisi2
 529 002e 7988     		ldrh	r1, [r7, #2]
 530 0030 0123     		movs	r3, #1
 531 0032 FFF7FEFF 		bl	CyDmaTdSetConfiguration
 239:Generated_Source\PSoC5/WaveDAC8.c ****                                     (uint8)CY_DMA_TD_INC_SRC_ADR | (uint8)WaveDAC8_Wave1_DMA__TD_TE
 240:Generated_Source\PSoC5/WaveDAC8.c **** 	
 241:Generated_Source\PSoC5/WaveDAC8.c **** 	/* Set the TD source and destination address */
 242:Generated_Source\PSoC5/WaveDAC8.c **** 	(void)CyDmaTdSetAddress(WaveDAC8_Wave1TD, LO16((uint32)wavePtr), LO16(WaveDAC8_DAC8__D));
 532              		.loc 1 242 0
 533 0036 0B4B     		ldr	r3, .L16+4
 534 0038 1B78     		ldrb	r3, [r3]	@ zero_extendqisi2
 535 003a 7A68     		ldr	r2, [r7, #4]
 536 003c 91B2     		uxth	r1, r2
 537 003e 45F68232 		movw	r2, #23426
 538 0042 1846     		mov	r0, r3
 539 0044 FFF7FEFF 		bl	CyDmaTdSetAddress
 243:Generated_Source\PSoC5/WaveDAC8.c **** 	
 244:Generated_Source\PSoC5/WaveDAC8.c **** 	/* Associate the TD with the channel */
 245:Generated_Source\PSoC5/WaveDAC8.c **** 	(void)CyDmaChSetInitialTd(WaveDAC8_Wave1Chan, WaveDAC8_Wave1TD);
 540              		.loc 1 245 0
 541 0048 054B     		ldr	r3, .L16
 542 004a 1A78     		ldrb	r2, [r3]	@ zero_extendqisi2
 543 004c 054B     		ldr	r3, .L16+4
 544 004e 1B78     		ldrb	r3, [r3]	@ zero_extendqisi2
 545 0050 1946     		mov	r1, r3
 546 0052 1046     		mov	r0, r2
 547 0054 FFF7FEFF 		bl	CyDmaChSetInitialTd
 246:Generated_Source\PSoC5/WaveDAC8.c **** }
 548              		.loc 1 246 0
 549 0058 00BF     		nop
 550 005a 0837     		adds	r7, r7, #8
 551              		.cfi_def_cfa_offset 8
ARM GAS  C:\Users\ecsa\AppData\Local\Temp\ccLNSXej.s 			page 15


 552 005c BD46     		mov	sp, r7
 553              		.cfi_def_cfa_register 13
 554              		@ sp needed
 555 005e 80BD     		pop	{r7, pc}
 556              	.L17:
 557              		.align	2
 558              	.L16:
 559 0060 01000000 		.word	WaveDAC8_Wave1Chan
 560 0064 03000000 		.word	WaveDAC8_Wave1TD
 561              		.cfi_endproc
 562              	.LFE5:
 563              		.size	WaveDAC8_Wave1Setup, .-WaveDAC8_Wave1Setup
 564              		.section	.text.WaveDAC8_Wave2Setup,"ax",%progbits
 565              		.align	2
 566              		.global	WaveDAC8_Wave2Setup
 567              		.thumb
 568              		.thumb_func
 569              		.type	WaveDAC8_Wave2Setup, %function
 570              	WaveDAC8_Wave2Setup:
 571              	.LFB6:
 247:Generated_Source\PSoC5/WaveDAC8.c **** 
 248:Generated_Source\PSoC5/WaveDAC8.c **** 
 249:Generated_Source\PSoC5/WaveDAC8.c **** /*******************************************************************************
 250:Generated_Source\PSoC5/WaveDAC8.c **** * Function Name: WaveDAC8_Wave2Setup
 251:Generated_Source\PSoC5/WaveDAC8.c **** ********************************************************************************
 252:Generated_Source\PSoC5/WaveDAC8.c **** *
 253:Generated_Source\PSoC5/WaveDAC8.c **** * Summary:
 254:Generated_Source\PSoC5/WaveDAC8.c **** *  Sets pointer and size for waveform 2.                                    
 255:Generated_Source\PSoC5/WaveDAC8.c **** *
 256:Generated_Source\PSoC5/WaveDAC8.c **** * Parameters:  
 257:Generated_Source\PSoC5/WaveDAC8.c **** *  uint8 * WavePtr:     Pointer to the waveform array.
 258:Generated_Source\PSoC5/WaveDAC8.c **** *  uint16  SampleSize:  The amount of samples in the waveform.
 259:Generated_Source\PSoC5/WaveDAC8.c **** *
 260:Generated_Source\PSoC5/WaveDAC8.c **** * Return: 
 261:Generated_Source\PSoC5/WaveDAC8.c **** *  None
 262:Generated_Source\PSoC5/WaveDAC8.c **** *
 263:Generated_Source\PSoC5/WaveDAC8.c **** *******************************************************************************/
 264:Generated_Source\PSoC5/WaveDAC8.c **** void WaveDAC8_Wave2Setup(const uint8 * wavePtr, uint16 sampleSize)
 265:Generated_Source\PSoC5/WaveDAC8.c ****  
 266:Generated_Source\PSoC5/WaveDAC8.c **** {
 572              		.loc 1 266 0
 573              		.cfi_startproc
 574              		@ args = 0, pretend = 0, frame = 8
 575              		@ frame_needed = 1, uses_anonymous_args = 0
 576 0000 80B5     		push	{r7, lr}
 577              		.cfi_def_cfa_offset 8
 578              		.cfi_offset 7, -8
 579              		.cfi_offset 14, -4
 580 0002 82B0     		sub	sp, sp, #8
 581              		.cfi_def_cfa_offset 16
 582 0004 00AF     		add	r7, sp, #0
 583              		.cfi_def_cfa_register 7
 584 0006 7860     		str	r0, [r7, #4]
 585 0008 0B46     		mov	r3, r1
 586 000a 7B80     		strh	r3, [r7, #2]	@ movhi
 267:Generated_Source\PSoC5/WaveDAC8.c **** 	#if (CY_PSOC3)
 268:Generated_Source\PSoC5/WaveDAC8.c **** 		uint16 memoryType; /* determining the source memory type */
ARM GAS  C:\Users\ecsa\AppData\Local\Temp\ccLNSXej.s 			page 16


 269:Generated_Source\PSoC5/WaveDAC8.c **** 		memoryType = (WaveDAC8_HI16FLASHPTR == HI16(wavePtr)) ? HI16(CYDEV_FLS_BASE) : HI16(CYDEV_SRAM_BA
 270:Generated_Source\PSoC5/WaveDAC8.c **** 			
 271:Generated_Source\PSoC5/WaveDAC8.c **** 		WaveDAC8_Wave2Chan = WaveDAC8_Wave2_DMA_DmaInitialize(
 272:Generated_Source\PSoC5/WaveDAC8.c **** 		WaveDAC8_Wave2_DMA_BYTES_PER_BURST, WaveDAC8_Wave2_DMA_REQUEST_PER_BURST,
 273:Generated_Source\PSoC5/WaveDAC8.c **** 		memoryType, HI16(CYDEV_PERIPH_BASE));
 274:Generated_Source\PSoC5/WaveDAC8.c **** 	#else /* PSoC 5 */
 275:Generated_Source\PSoC5/WaveDAC8.c **** 		WaveDAC8_Wave2Chan = WaveDAC8_Wave2_DMA_DmaInitialize(
 276:Generated_Source\PSoC5/WaveDAC8.c **** 		WaveDAC8_Wave2_DMA_BYTES_PER_BURST, WaveDAC8_Wave2_DMA_REQUEST_PER_BURST,
 277:Generated_Source\PSoC5/WaveDAC8.c **** 		HI16(wavePtr), HI16(WaveDAC8_DAC8__D));
 587              		.loc 1 277 0
 588 000c 7B68     		ldr	r3, [r7, #4]
 589 000e 1B0C     		lsrs	r3, r3, #16
 275:Generated_Source\PSoC5/WaveDAC8.c **** 		WaveDAC8_Wave2_DMA_BYTES_PER_BURST, WaveDAC8_Wave2_DMA_REQUEST_PER_BURST,
 590              		.loc 1 275 0
 591 0010 9AB2     		uxth	r2, r3
 592 0012 4FF48043 		mov	r3, #16384
 593 0016 0121     		movs	r1, #1
 594 0018 0120     		movs	r0, #1
 595 001a FFF7FEFF 		bl	WaveDAC8_Wave2_DMA_DmaInitialize
 596 001e 0346     		mov	r3, r0
 597 0020 1A46     		mov	r2, r3
 598 0022 0F4B     		ldr	r3, .L19
 599 0024 1A70     		strb	r2, [r3]
 278:Generated_Source\PSoC5/WaveDAC8.c **** 	#endif /* CY_PSOC3 */
 279:Generated_Source\PSoC5/WaveDAC8.c **** 	
 280:Generated_Source\PSoC5/WaveDAC8.c **** 	/*
 281:Generated_Source\PSoC5/WaveDAC8.c **** 	* TD is looping on itself. 
 282:Generated_Source\PSoC5/WaveDAC8.c **** 	* Increment the source address, but not the destination address. 
 283:Generated_Source\PSoC5/WaveDAC8.c **** 	*/
 284:Generated_Source\PSoC5/WaveDAC8.c **** 	(void)CyDmaTdSetConfiguration(WaveDAC8_Wave2TD, sampleSize, WaveDAC8_Wave2TD, 
 600              		.loc 1 284 0
 601 0026 0F4B     		ldr	r3, .L19+4
 602 0028 1878     		ldrb	r0, [r3]	@ zero_extendqisi2
 603 002a 0E4B     		ldr	r3, .L19+4
 604 002c 1A78     		ldrb	r2, [r3]	@ zero_extendqisi2
 605 002e 7988     		ldrh	r1, [r7, #2]
 606 0030 0123     		movs	r3, #1
 607 0032 FFF7FEFF 		bl	CyDmaTdSetConfiguration
 285:Generated_Source\PSoC5/WaveDAC8.c ****                                     (uint8)CY_DMA_TD_INC_SRC_ADR | (uint8)WaveDAC8_Wave2_DMA__TD_TE
 286:Generated_Source\PSoC5/WaveDAC8.c **** 	
 287:Generated_Source\PSoC5/WaveDAC8.c **** 	/* Set the TD source and destination address */
 288:Generated_Source\PSoC5/WaveDAC8.c **** 	(void)CyDmaTdSetAddress(WaveDAC8_Wave2TD, LO16((uint32)wavePtr), LO16(WaveDAC8_DAC8__D));
 608              		.loc 1 288 0
 609 0036 0B4B     		ldr	r3, .L19+4
 610 0038 1B78     		ldrb	r3, [r3]	@ zero_extendqisi2
 611 003a 7A68     		ldr	r2, [r7, #4]
 612 003c 91B2     		uxth	r1, r2
 613 003e 45F68232 		movw	r2, #23426
 614 0042 1846     		mov	r0, r3
 615 0044 FFF7FEFF 		bl	CyDmaTdSetAddress
 289:Generated_Source\PSoC5/WaveDAC8.c **** 	
 290:Generated_Source\PSoC5/WaveDAC8.c **** 	/* Associate the TD with the channel */
 291:Generated_Source\PSoC5/WaveDAC8.c **** 	(void)CyDmaChSetInitialTd(WaveDAC8_Wave2Chan, WaveDAC8_Wave2TD);
 616              		.loc 1 291 0
 617 0048 054B     		ldr	r3, .L19
 618 004a 1A78     		ldrb	r2, [r3]	@ zero_extendqisi2
 619 004c 054B     		ldr	r3, .L19+4
ARM GAS  C:\Users\ecsa\AppData\Local\Temp\ccLNSXej.s 			page 17


 620 004e 1B78     		ldrb	r3, [r3]	@ zero_extendqisi2
 621 0050 1946     		mov	r1, r3
 622 0052 1046     		mov	r0, r2
 623 0054 FFF7FEFF 		bl	CyDmaChSetInitialTd
 292:Generated_Source\PSoC5/WaveDAC8.c **** }
 624              		.loc 1 292 0
 625 0058 00BF     		nop
 626 005a 0837     		adds	r7, r7, #8
 627              		.cfi_def_cfa_offset 8
 628 005c BD46     		mov	sp, r7
 629              		.cfi_def_cfa_register 13
 630              		@ sp needed
 631 005e 80BD     		pop	{r7, pc}
 632              	.L20:
 633              		.align	2
 634              	.L19:
 635 0060 02000000 		.word	WaveDAC8_Wave2Chan
 636 0064 04000000 		.word	WaveDAC8_Wave2TD
 637              		.cfi_endproc
 638              	.LFE6:
 639              		.size	WaveDAC8_Wave2Setup, .-WaveDAC8_Wave2Setup
 640              		.text
 641              	.Letext0:
 642              		.file 2 "Generated_Source\\PSoC5\\cytypes.h"
 643              		.section	.debug_info,"",%progbits
 644              	.Ldebug_info0:
 645 0000 44020000 		.4byte	0x244
 646 0004 0400     		.2byte	0x4
 647 0006 00000000 		.4byte	.Ldebug_abbrev0
 648 000a 04       		.byte	0x4
 649 000b 01       		.uleb128 0x1
 650 000c 0E000000 		.4byte	.LASF37
 651 0010 0C       		.byte	0xc
 652 0011 EA000000 		.4byte	.LASF38
 653 0015 46020000 		.4byte	.LASF39
 654 0019 00000000 		.4byte	.Ldebug_ranges0+0
 655 001d 00000000 		.4byte	0
 656 0021 00000000 		.4byte	.Ldebug_line0
 657 0025 02       		.uleb128 0x2
 658 0026 01       		.byte	0x1
 659 0027 06       		.byte	0x6
 660 0028 CF020000 		.4byte	.LASF0
 661 002c 02       		.uleb128 0x2
 662 002d 01       		.byte	0x1
 663 002e 08       		.byte	0x8
 664 002f 72010000 		.4byte	.LASF1
 665 0033 02       		.uleb128 0x2
 666 0034 02       		.byte	0x2
 667 0035 05       		.byte	0x5
 668 0036 9B010000 		.4byte	.LASF2
 669 003a 02       		.uleb128 0x2
 670 003b 02       		.byte	0x2
 671 003c 07       		.byte	0x7
 672 003d B0000000 		.4byte	.LASF3
 673 0041 02       		.uleb128 0x2
 674 0042 04       		.byte	0x4
 675 0043 05       		.byte	0x5
ARM GAS  C:\Users\ecsa\AppData\Local\Temp\ccLNSXej.s 			page 18


 676 0044 BA020000 		.4byte	.LASF4
 677 0048 02       		.uleb128 0x2
 678 0049 04       		.byte	0x4
 679 004a 07       		.byte	0x7
 680 004b 36010000 		.4byte	.LASF5
 681 004f 02       		.uleb128 0x2
 682 0050 08       		.byte	0x8
 683 0051 05       		.byte	0x5
 684 0052 02020000 		.4byte	.LASF6
 685 0056 02       		.uleb128 0x2
 686 0057 08       		.byte	0x8
 687 0058 07       		.byte	0x7
 688 0059 D1010000 		.4byte	.LASF7
 689 005d 03       		.uleb128 0x3
 690 005e 04       		.byte	0x4
 691 005f 05       		.byte	0x5
 692 0060 696E7400 		.ascii	"int\000"
 693 0064 02       		.uleb128 0x2
 694 0065 04       		.byte	0x4
 695 0066 07       		.byte	0x7
 696 0067 C4010000 		.4byte	.LASF8
 697 006b 04       		.uleb128 0x4
 698 006c 50010000 		.4byte	.LASF9
 699 0070 02       		.byte	0x2
 700 0071 9201     		.2byte	0x192
 701 0073 2C000000 		.4byte	0x2c
 702 0077 04       		.uleb128 0x4
 703 0078 A5010000 		.4byte	.LASF10
 704 007c 02       		.byte	0x2
 705 007d 9301     		.2byte	0x193
 706 007f 3A000000 		.4byte	0x3a
 707 0083 04       		.uleb128 0x4
 708 0084 AC010000 		.4byte	.LASF11
 709 0088 02       		.byte	0x2
 710 0089 9401     		.2byte	0x194
 711 008b 48000000 		.4byte	0x48
 712 008f 02       		.uleb128 0x2
 713 0090 04       		.byte	0x4
 714 0091 04       		.byte	0x4
 715 0092 D5000000 		.4byte	.LASF12
 716 0096 02       		.uleb128 0x2
 717 0097 08       		.byte	0x8
 718 0098 04       		.byte	0x4
 719 0099 80010000 		.4byte	.LASF13
 720 009d 02       		.uleb128 0x2
 721 009e 01       		.byte	0x1
 722 009f 08       		.byte	0x8
 723 00a0 10020000 		.4byte	.LASF14
 724 00a4 02       		.uleb128 0x2
 725 00a5 08       		.byte	0x8
 726 00a6 04       		.byte	0x4
 727 00a7 C3020000 		.4byte	.LASF15
 728 00ab 02       		.uleb128 0x2
 729 00ac 04       		.byte	0x4
 730 00ad 07       		.byte	0x7
 731 00ae F9010000 		.4byte	.LASF16
 732 00b2 05       		.uleb128 0x5
ARM GAS  C:\Users\ecsa\AppData\Local\Temp\ccLNSXej.s 			page 19


 733 00b3 00000000 		.4byte	.LASF17
 734 00b7 01       		.byte	0x1
 735 00b8 2B       		.byte	0x2b
 736 00b9 00000000 		.4byte	.LFB0
 737 00bd 50000000 		.4byte	.LFE0-.LFB0
 738 00c1 01       		.uleb128 0x1
 739 00c2 9C       		.byte	0x9c
 740 00c3 05       		.uleb128 0x5
 741 00c4 56010000 		.4byte	.LASF18
 742 00c8 01       		.byte	0x1
 743 00c9 56       		.byte	0x56
 744 00ca 00000000 		.4byte	.LFB1
 745 00ce 38000000 		.4byte	.LFE1-.LFB1
 746 00d2 01       		.uleb128 0x1
 747 00d3 9C       		.byte	0x9c
 748 00d4 05       		.uleb128 0x5
 749 00d5 DB000000 		.4byte	.LASF19
 750 00d9 01       		.byte	0x1
 751 00da 81       		.byte	0x81
 752 00db 00000000 		.4byte	.LFB2
 753 00df 24000000 		.4byte	.LFE2-.LFB2
 754 00e3 01       		.uleb128 0x1
 755 00e4 9C       		.byte	0x9c
 756 00e5 06       		.uleb128 0x6
 757 00e6 B3010000 		.4byte	.LASF25
 758 00ea 01       		.byte	0x1
 759 00eb A3       		.byte	0xa3
 760 00ec 00000000 		.4byte	.LFB3
 761 00f0 34000000 		.4byte	.LFE3-.LFB3
 762 00f4 01       		.uleb128 0x1
 763 00f5 9C       		.byte	0x9c
 764 00f6 33010000 		.4byte	0x133
 765 00fa 07       		.uleb128 0x7
 766 00fb C3000000 		.4byte	.LASF20
 767 00ff 01       		.byte	0x1
 768 0100 A3       		.byte	0xa3
 769 0101 33010000 		.4byte	0x133
 770 0105 02       		.uleb128 0x2
 771 0106 91       		.byte	0x91
 772 0107 74       		.sleb128 -12
 773 0108 07       		.uleb128 0x7
 774 0109 DB020000 		.4byte	.LASF21
 775 010d 01       		.byte	0x1
 776 010e A3       		.byte	0xa3
 777 010f 77000000 		.4byte	0x77
 778 0113 02       		.uleb128 0x2
 779 0114 91       		.byte	0x91
 780 0115 72       		.sleb128 -14
 781 0116 07       		.uleb128 0x7
 782 0117 CC000000 		.4byte	.LASF22
 783 011b 01       		.byte	0x1
 784 011c A3       		.byte	0xa3
 785 011d 33010000 		.4byte	0x133
 786 0121 02       		.uleb128 0x2
 787 0122 91       		.byte	0x91
 788 0123 6C       		.sleb128 -20
 789 0124 07       		.uleb128 0x7
ARM GAS  C:\Users\ecsa\AppData\Local\Temp\ccLNSXej.s 			page 20


 790 0125 66010000 		.4byte	.LASF23
 791 0129 01       		.byte	0x1
 792 012a A3       		.byte	0xa3
 793 012b 77000000 		.4byte	0x77
 794 012f 02       		.uleb128 0x2
 795 0130 91       		.byte	0x91
 796 0131 70       		.sleb128 -16
 797 0132 00       		.byte	0
 798 0133 08       		.uleb128 0x8
 799 0134 04       		.byte	0x4
 800 0135 39010000 		.4byte	0x139
 801 0139 09       		.uleb128 0x9
 802 013a 6B000000 		.4byte	0x6b
 803 013e 05       		.uleb128 0x5
 804 013f 17010000 		.4byte	.LASF24
 805 0143 01       		.byte	0x1
 806 0144 BB       		.byte	0xbb
 807 0145 00000000 		.4byte	.LFB4
 808 0149 2C000000 		.4byte	.LFE4-.LFB4
 809 014d 01       		.uleb128 0x1
 810 014e 9C       		.byte	0x9c
 811 014f 06       		.uleb128 0x6
 812 0150 9C000000 		.4byte	.LASF26
 813 0154 01       		.byte	0x1
 814 0155 DA       		.byte	0xda
 815 0156 00000000 		.4byte	.LFB5
 816 015a 68000000 		.4byte	.LFE5-.LFB5
 817 015e 01       		.uleb128 0x1
 818 015f 9C       		.byte	0x9c
 819 0160 81010000 		.4byte	0x181
 820 0164 07       		.uleb128 0x7
 821 0165 48010000 		.4byte	.LASF27
 822 0169 01       		.byte	0x1
 823 016a DA       		.byte	0xda
 824 016b 33010000 		.4byte	0x133
 825 016f 02       		.uleb128 0x2
 826 0170 91       		.byte	0x91
 827 0171 74       		.sleb128 -12
 828 0172 07       		.uleb128 0x7
 829 0173 0C010000 		.4byte	.LASF28
 830 0177 01       		.byte	0x1
 831 0178 DA       		.byte	0xda
 832 0179 77000000 		.4byte	0x77
 833 017d 02       		.uleb128 0x2
 834 017e 91       		.byte	0x91
 835 017f 72       		.sleb128 -14
 836 0180 00       		.byte	0
 837 0181 0A       		.uleb128 0xa
 838 0182 87010000 		.4byte	.LASF29
 839 0186 01       		.byte	0x1
 840 0187 0801     		.2byte	0x108
 841 0189 00000000 		.4byte	.LFB6
 842 018d 68000000 		.4byte	.LFE6-.LFB6
 843 0191 01       		.uleb128 0x1
 844 0192 9C       		.byte	0x9c
 845 0193 B6010000 		.4byte	0x1b6
 846 0197 0B       		.uleb128 0xb
ARM GAS  C:\Users\ecsa\AppData\Local\Temp\ccLNSXej.s 			page 21


 847 0198 48010000 		.4byte	.LASF27
 848 019c 01       		.byte	0x1
 849 019d 0801     		.2byte	0x108
 850 019f 33010000 		.4byte	0x133
 851 01a3 02       		.uleb128 0x2
 852 01a4 91       		.byte	0x91
 853 01a5 74       		.sleb128 -12
 854 01a6 0B       		.uleb128 0xb
 855 01a7 0C010000 		.4byte	.LASF28
 856 01ab 01       		.byte	0x1
 857 01ac 0801     		.2byte	0x108
 858 01ae 77000000 		.4byte	0x77
 859 01b2 02       		.uleb128 0x2
 860 01b3 91       		.byte	0x91
 861 01b4 72       		.sleb128 -14
 862 01b5 00       		.byte	0
 863 01b6 0C       		.uleb128 0xc
 864 01b7 15020000 		.4byte	.LASF30
 865 01bb 01       		.byte	0x1
 866 01bc 17       		.byte	0x17
 867 01bd 6B000000 		.4byte	0x6b
 868 01c1 05       		.uleb128 0x5
 869 01c2 03       		.byte	0x3
 870 01c3 01000000 		.4byte	WaveDAC8_Wave1Chan
 871 01c7 0C       		.uleb128 0xc
 872 01c8 F8020000 		.4byte	.LASF31
 873 01cc 01       		.byte	0x1
 874 01cd 18       		.byte	0x18
 875 01ce 6B000000 		.4byte	0x6b
 876 01d2 05       		.uleb128 0x5
 877 01d3 03       		.byte	0x3
 878 01d4 02000000 		.4byte	WaveDAC8_Wave2Chan
 879 01d8 0C       		.uleb128 0xc
 880 01d9 E8010000 		.4byte	.LASF32
 881 01dd 01       		.byte	0x1
 882 01de 19       		.byte	0x19
 883 01df 6B000000 		.4byte	0x6b
 884 01e3 05       		.uleb128 0x5
 885 01e4 03       		.byte	0x3
 886 01e5 03000000 		.4byte	WaveDAC8_Wave1TD
 887 01e9 0C       		.uleb128 0xc
 888 01ea E7020000 		.4byte	.LASF33
 889 01ee 01       		.byte	0x1
 890 01ef 1A       		.byte	0x1a
 891 01f0 6B000000 		.4byte	0x6b
 892 01f4 05       		.uleb128 0x5
 893 01f5 03       		.byte	0x3
 894 01f6 04000000 		.4byte	WaveDAC8_Wave2TD
 895 01fa 0D       		.uleb128 0xd
 896 01fb 25010000 		.4byte	.LASF34
 897 01ff 01       		.byte	0x1
 898 0200 12       		.byte	0x12
 899 0201 6B000000 		.4byte	0x6b
 900 0205 05       		.uleb128 0x5
 901 0206 03       		.byte	0x3
 902 0207 00000000 		.4byte	WaveDAC8_initVar
 903 020b 0E       		.uleb128 0xe
ARM GAS  C:\Users\ecsa\AppData\Local\Temp\ccLNSXej.s 			page 22


 904 020c 39010000 		.4byte	0x139
 905 0210 1B020000 		.4byte	0x21b
 906 0214 0F       		.uleb128 0xf
 907 0215 AB000000 		.4byte	0xab
 908 0219 63       		.byte	0x63
 909 021a 00       		.byte	0
 910 021b 0D       		.uleb128 0xd
 911 021c 28020000 		.4byte	.LASF35
 912 0220 01       		.byte	0x1
 913 0221 14       		.byte	0x14
 914 0222 2C020000 		.4byte	0x22c
 915 0226 05       		.uleb128 0x5
 916 0227 03       		.byte	0x3
 917 0228 00000000 		.4byte	WaveDAC8_wave1
 918 022c 09       		.uleb128 0x9
 919 022d 0B020000 		.4byte	0x20b
 920 0231 0D       		.uleb128 0xd
 921 0232 37020000 		.4byte	.LASF36
 922 0236 01       		.byte	0x1
 923 0237 15       		.byte	0x15
 924 0238 42020000 		.4byte	0x242
 925 023c 05       		.uleb128 0x5
 926 023d 03       		.byte	0x3
 927 023e 00000000 		.4byte	WaveDAC8_wave2
 928 0242 09       		.uleb128 0x9
 929 0243 0B020000 		.4byte	0x20b
 930 0247 00       		.byte	0
 931              		.section	.debug_abbrev,"",%progbits
 932              	.Ldebug_abbrev0:
 933 0000 01       		.uleb128 0x1
 934 0001 11       		.uleb128 0x11
 935 0002 01       		.byte	0x1
 936 0003 25       		.uleb128 0x25
 937 0004 0E       		.uleb128 0xe
 938 0005 13       		.uleb128 0x13
 939 0006 0B       		.uleb128 0xb
 940 0007 03       		.uleb128 0x3
 941 0008 0E       		.uleb128 0xe
 942 0009 1B       		.uleb128 0x1b
 943 000a 0E       		.uleb128 0xe
 944 000b 55       		.uleb128 0x55
 945 000c 17       		.uleb128 0x17
 946 000d 11       		.uleb128 0x11
 947 000e 01       		.uleb128 0x1
 948 000f 10       		.uleb128 0x10
 949 0010 17       		.uleb128 0x17
 950 0011 00       		.byte	0
 951 0012 00       		.byte	0
 952 0013 02       		.uleb128 0x2
 953 0014 24       		.uleb128 0x24
 954 0015 00       		.byte	0
 955 0016 0B       		.uleb128 0xb
 956 0017 0B       		.uleb128 0xb
 957 0018 3E       		.uleb128 0x3e
 958 0019 0B       		.uleb128 0xb
 959 001a 03       		.uleb128 0x3
 960 001b 0E       		.uleb128 0xe
ARM GAS  C:\Users\ecsa\AppData\Local\Temp\ccLNSXej.s 			page 23


 961 001c 00       		.byte	0
 962 001d 00       		.byte	0
 963 001e 03       		.uleb128 0x3
 964 001f 24       		.uleb128 0x24
 965 0020 00       		.byte	0
 966 0021 0B       		.uleb128 0xb
 967 0022 0B       		.uleb128 0xb
 968 0023 3E       		.uleb128 0x3e
 969 0024 0B       		.uleb128 0xb
 970 0025 03       		.uleb128 0x3
 971 0026 08       		.uleb128 0x8
 972 0027 00       		.byte	0
 973 0028 00       		.byte	0
 974 0029 04       		.uleb128 0x4
 975 002a 16       		.uleb128 0x16
 976 002b 00       		.byte	0
 977 002c 03       		.uleb128 0x3
 978 002d 0E       		.uleb128 0xe
 979 002e 3A       		.uleb128 0x3a
 980 002f 0B       		.uleb128 0xb
 981 0030 3B       		.uleb128 0x3b
 982 0031 05       		.uleb128 0x5
 983 0032 49       		.uleb128 0x49
 984 0033 13       		.uleb128 0x13
 985 0034 00       		.byte	0
 986 0035 00       		.byte	0
 987 0036 05       		.uleb128 0x5
 988 0037 2E       		.uleb128 0x2e
 989 0038 00       		.byte	0
 990 0039 3F       		.uleb128 0x3f
 991 003a 19       		.uleb128 0x19
 992 003b 03       		.uleb128 0x3
 993 003c 0E       		.uleb128 0xe
 994 003d 3A       		.uleb128 0x3a
 995 003e 0B       		.uleb128 0xb
 996 003f 3B       		.uleb128 0x3b
 997 0040 0B       		.uleb128 0xb
 998 0041 27       		.uleb128 0x27
 999 0042 19       		.uleb128 0x19
 1000 0043 11       		.uleb128 0x11
 1001 0044 01       		.uleb128 0x1
 1002 0045 12       		.uleb128 0x12
 1003 0046 06       		.uleb128 0x6
 1004 0047 40       		.uleb128 0x40
 1005 0048 18       		.uleb128 0x18
 1006 0049 9642     		.uleb128 0x2116
 1007 004b 19       		.uleb128 0x19
 1008 004c 00       		.byte	0
 1009 004d 00       		.byte	0
 1010 004e 06       		.uleb128 0x6
 1011 004f 2E       		.uleb128 0x2e
 1012 0050 01       		.byte	0x1
 1013 0051 3F       		.uleb128 0x3f
 1014 0052 19       		.uleb128 0x19
 1015 0053 03       		.uleb128 0x3
 1016 0054 0E       		.uleb128 0xe
 1017 0055 3A       		.uleb128 0x3a
ARM GAS  C:\Users\ecsa\AppData\Local\Temp\ccLNSXej.s 			page 24


 1018 0056 0B       		.uleb128 0xb
 1019 0057 3B       		.uleb128 0x3b
 1020 0058 0B       		.uleb128 0xb
 1021 0059 27       		.uleb128 0x27
 1022 005a 19       		.uleb128 0x19
 1023 005b 11       		.uleb128 0x11
 1024 005c 01       		.uleb128 0x1
 1025 005d 12       		.uleb128 0x12
 1026 005e 06       		.uleb128 0x6
 1027 005f 40       		.uleb128 0x40
 1028 0060 18       		.uleb128 0x18
 1029 0061 9642     		.uleb128 0x2116
 1030 0063 19       		.uleb128 0x19
 1031 0064 01       		.uleb128 0x1
 1032 0065 13       		.uleb128 0x13
 1033 0066 00       		.byte	0
 1034 0067 00       		.byte	0
 1035 0068 07       		.uleb128 0x7
 1036 0069 05       		.uleb128 0x5
 1037 006a 00       		.byte	0
 1038 006b 03       		.uleb128 0x3
 1039 006c 0E       		.uleb128 0xe
 1040 006d 3A       		.uleb128 0x3a
 1041 006e 0B       		.uleb128 0xb
 1042 006f 3B       		.uleb128 0x3b
 1043 0070 0B       		.uleb128 0xb
 1044 0071 49       		.uleb128 0x49
 1045 0072 13       		.uleb128 0x13
 1046 0073 02       		.uleb128 0x2
 1047 0074 18       		.uleb128 0x18
 1048 0075 00       		.byte	0
 1049 0076 00       		.byte	0
 1050 0077 08       		.uleb128 0x8
 1051 0078 0F       		.uleb128 0xf
 1052 0079 00       		.byte	0
 1053 007a 0B       		.uleb128 0xb
 1054 007b 0B       		.uleb128 0xb
 1055 007c 49       		.uleb128 0x49
 1056 007d 13       		.uleb128 0x13
 1057 007e 00       		.byte	0
 1058 007f 00       		.byte	0
 1059 0080 09       		.uleb128 0x9
 1060 0081 26       		.uleb128 0x26
 1061 0082 00       		.byte	0
 1062 0083 49       		.uleb128 0x49
 1063 0084 13       		.uleb128 0x13
 1064 0085 00       		.byte	0
 1065 0086 00       		.byte	0
 1066 0087 0A       		.uleb128 0xa
 1067 0088 2E       		.uleb128 0x2e
 1068 0089 01       		.byte	0x1
 1069 008a 3F       		.uleb128 0x3f
 1070 008b 19       		.uleb128 0x19
 1071 008c 03       		.uleb128 0x3
 1072 008d 0E       		.uleb128 0xe
 1073 008e 3A       		.uleb128 0x3a
 1074 008f 0B       		.uleb128 0xb
ARM GAS  C:\Users\ecsa\AppData\Local\Temp\ccLNSXej.s 			page 25


 1075 0090 3B       		.uleb128 0x3b
 1076 0091 05       		.uleb128 0x5
 1077 0092 27       		.uleb128 0x27
 1078 0093 19       		.uleb128 0x19
 1079 0094 11       		.uleb128 0x11
 1080 0095 01       		.uleb128 0x1
 1081 0096 12       		.uleb128 0x12
 1082 0097 06       		.uleb128 0x6
 1083 0098 40       		.uleb128 0x40
 1084 0099 18       		.uleb128 0x18
 1085 009a 9642     		.uleb128 0x2116
 1086 009c 19       		.uleb128 0x19
 1087 009d 01       		.uleb128 0x1
 1088 009e 13       		.uleb128 0x13
 1089 009f 00       		.byte	0
 1090 00a0 00       		.byte	0
 1091 00a1 0B       		.uleb128 0xb
 1092 00a2 05       		.uleb128 0x5
 1093 00a3 00       		.byte	0
 1094 00a4 03       		.uleb128 0x3
 1095 00a5 0E       		.uleb128 0xe
 1096 00a6 3A       		.uleb128 0x3a
 1097 00a7 0B       		.uleb128 0xb
 1098 00a8 3B       		.uleb128 0x3b
 1099 00a9 05       		.uleb128 0x5
 1100 00aa 49       		.uleb128 0x49
 1101 00ab 13       		.uleb128 0x13
 1102 00ac 02       		.uleb128 0x2
 1103 00ad 18       		.uleb128 0x18
 1104 00ae 00       		.byte	0
 1105 00af 00       		.byte	0
 1106 00b0 0C       		.uleb128 0xc
 1107 00b1 34       		.uleb128 0x34
 1108 00b2 00       		.byte	0
 1109 00b3 03       		.uleb128 0x3
 1110 00b4 0E       		.uleb128 0xe
 1111 00b5 3A       		.uleb128 0x3a
 1112 00b6 0B       		.uleb128 0xb
 1113 00b7 3B       		.uleb128 0x3b
 1114 00b8 0B       		.uleb128 0xb
 1115 00b9 49       		.uleb128 0x49
 1116 00ba 13       		.uleb128 0x13
 1117 00bb 02       		.uleb128 0x2
 1118 00bc 18       		.uleb128 0x18
 1119 00bd 00       		.byte	0
 1120 00be 00       		.byte	0
 1121 00bf 0D       		.uleb128 0xd
 1122 00c0 34       		.uleb128 0x34
 1123 00c1 00       		.byte	0
 1124 00c2 03       		.uleb128 0x3
 1125 00c3 0E       		.uleb128 0xe
 1126 00c4 3A       		.uleb128 0x3a
 1127 00c5 0B       		.uleb128 0xb
 1128 00c6 3B       		.uleb128 0x3b
 1129 00c7 0B       		.uleb128 0xb
 1130 00c8 49       		.uleb128 0x49
 1131 00c9 13       		.uleb128 0x13
ARM GAS  C:\Users\ecsa\AppData\Local\Temp\ccLNSXej.s 			page 26


 1132 00ca 3F       		.uleb128 0x3f
 1133 00cb 19       		.uleb128 0x19
 1134 00cc 02       		.uleb128 0x2
 1135 00cd 18       		.uleb128 0x18
 1136 00ce 00       		.byte	0
 1137 00cf 00       		.byte	0
 1138 00d0 0E       		.uleb128 0xe
 1139 00d1 01       		.uleb128 0x1
 1140 00d2 01       		.byte	0x1
 1141 00d3 49       		.uleb128 0x49
 1142 00d4 13       		.uleb128 0x13
 1143 00d5 01       		.uleb128 0x1
 1144 00d6 13       		.uleb128 0x13
 1145 00d7 00       		.byte	0
 1146 00d8 00       		.byte	0
 1147 00d9 0F       		.uleb128 0xf
 1148 00da 21       		.uleb128 0x21
 1149 00db 00       		.byte	0
 1150 00dc 49       		.uleb128 0x49
 1151 00dd 13       		.uleb128 0x13
 1152 00de 2F       		.uleb128 0x2f
 1153 00df 0B       		.uleb128 0xb
 1154 00e0 00       		.byte	0
 1155 00e1 00       		.byte	0
 1156 00e2 00       		.byte	0
 1157              		.section	.debug_aranges,"",%progbits
 1158 0000 4C000000 		.4byte	0x4c
 1159 0004 0200     		.2byte	0x2
 1160 0006 00000000 		.4byte	.Ldebug_info0
 1161 000a 04       		.byte	0x4
 1162 000b 00       		.byte	0
 1163 000c 0000     		.2byte	0
 1164 000e 0000     		.2byte	0
 1165 0010 00000000 		.4byte	.LFB0
 1166 0014 50000000 		.4byte	.LFE0-.LFB0
 1167 0018 00000000 		.4byte	.LFB1
 1168 001c 38000000 		.4byte	.LFE1-.LFB1
 1169 0020 00000000 		.4byte	.LFB2
 1170 0024 24000000 		.4byte	.LFE2-.LFB2
 1171 0028 00000000 		.4byte	.LFB3
 1172 002c 34000000 		.4byte	.LFE3-.LFB3
 1173 0030 00000000 		.4byte	.LFB4
 1174 0034 2C000000 		.4byte	.LFE4-.LFB4
 1175 0038 00000000 		.4byte	.LFB5
 1176 003c 68000000 		.4byte	.LFE5-.LFB5
 1177 0040 00000000 		.4byte	.LFB6
 1178 0044 68000000 		.4byte	.LFE6-.LFB6
 1179 0048 00000000 		.4byte	0
 1180 004c 00000000 		.4byte	0
 1181              		.section	.debug_ranges,"",%progbits
 1182              	.Ldebug_ranges0:
 1183 0000 00000000 		.4byte	.LFB0
 1184 0004 50000000 		.4byte	.LFE0
 1185 0008 00000000 		.4byte	.LFB1
 1186 000c 38000000 		.4byte	.LFE1
 1187 0010 00000000 		.4byte	.LFB2
 1188 0014 24000000 		.4byte	.LFE2
ARM GAS  C:\Users\ecsa\AppData\Local\Temp\ccLNSXej.s 			page 27


 1189 0018 00000000 		.4byte	.LFB3
 1190 001c 34000000 		.4byte	.LFE3
 1191 0020 00000000 		.4byte	.LFB4
 1192 0024 2C000000 		.4byte	.LFE4
 1193 0028 00000000 		.4byte	.LFB5
 1194 002c 68000000 		.4byte	.LFE5
 1195 0030 00000000 		.4byte	.LFB6
 1196 0034 68000000 		.4byte	.LFE6
 1197 0038 00000000 		.4byte	0
 1198 003c 00000000 		.4byte	0
 1199              		.section	.debug_line,"",%progbits
 1200              	.Ldebug_line0:
 1201 0000 EE000000 		.section	.debug_str,"MS",%progbits,1
 1201      02004500 
 1201      00000201 
 1201      FB0E0D00 
 1201      01010101 
 1202              	.LASF17:
 1203 0000 57617665 		.ascii	"WaveDAC8_Init\000"
 1203      44414338 
 1203      5F496E69 
 1203      7400
 1204              	.LASF37:
 1205 000e 474E5520 		.ascii	"GNU C11 5.4.1 20160609 (release) [ARM/embedded-5-br"
 1205      43313120 
 1205      352E342E 
 1205      31203230 
 1205      31363036 
 1206 0041 616E6368 		.ascii	"anch revision 237715] -mcpu=cortex-m3 -mthumb -g -O"
 1206      20726576 
 1206      6973696F 
 1206      6E203233 
 1206      37373135 
 1207 0074 30202D66 		.ascii	"0 -ffunction-sections -ffat-lto-objects\000"
 1207      66756E63 
 1207      74696F6E 
 1207      2D736563 
 1207      74696F6E 
 1208              	.LASF26:
 1209 009c 57617665 		.ascii	"WaveDAC8_Wave1Setup\000"
 1209      44414338 
 1209      5F576176 
 1209      65315365 
 1209      74757000 
 1210              	.LASF3:
 1211 00b0 73686F72 		.ascii	"short unsigned int\000"
 1211      7420756E 
 1211      7369676E 
 1211      65642069 
 1211      6E7400
 1212              	.LASF20:
 1213 00c3 77617665 		.ascii	"wavePtr1\000"
 1213      50747231 
 1213      00
 1214              	.LASF22:
 1215 00cc 77617665 		.ascii	"wavePtr2\000"
 1215      50747232 
ARM GAS  C:\Users\ecsa\AppData\Local\Temp\ccLNSXej.s 			page 28


 1215      00
 1216              	.LASF12:
 1217 00d5 666C6F61 		.ascii	"float\000"
 1217      7400
 1218              	.LASF19:
 1219 00db 57617665 		.ascii	"WaveDAC8_Start\000"
 1219      44414338 
 1219      5F537461 
 1219      727400
 1220              	.LASF38:
 1221 00ea 47656E65 		.ascii	"Generated_Source\\PSoC5\\WaveDAC8.c\000"
 1221      72617465 
 1221      645F536F 
 1221      75726365 
 1221      5C50536F 
 1222              	.LASF28:
 1223 010c 73616D70 		.ascii	"sampleSize\000"
 1223      6C655369 
 1223      7A6500
 1224              	.LASF24:
 1225 0117 57617665 		.ascii	"WaveDAC8_Stop\000"
 1225      44414338 
 1225      5F53746F 
 1225      7000
 1226              	.LASF34:
 1227 0125 57617665 		.ascii	"WaveDAC8_initVar\000"
 1227      44414338 
 1227      5F696E69 
 1227      74566172 
 1227      00
 1228              	.LASF5:
 1229 0136 6C6F6E67 		.ascii	"long unsigned int\000"
 1229      20756E73 
 1229      69676E65 
 1229      6420696E 
 1229      7400
 1230              	.LASF27:
 1231 0148 77617665 		.ascii	"wavePtr\000"
 1231      50747200 
 1232              	.LASF9:
 1233 0150 75696E74 		.ascii	"uint8\000"
 1233      3800
 1234              	.LASF18:
 1235 0156 57617665 		.ascii	"WaveDAC8_Enable\000"
 1235      44414338 
 1235      5F456E61 
 1235      626C6500 
 1236              	.LASF23:
 1237 0166 73616D70 		.ascii	"sampleSize2\000"
 1237      6C655369 
 1237      7A653200 
 1238              	.LASF1:
 1239 0172 756E7369 		.ascii	"unsigned char\000"
 1239      676E6564 
 1239      20636861 
 1239      7200
 1240              	.LASF13:
ARM GAS  C:\Users\ecsa\AppData\Local\Temp\ccLNSXej.s 			page 29


 1241 0180 646F7562 		.ascii	"double\000"
 1241      6C6500
 1242              	.LASF29:
 1243 0187 57617665 		.ascii	"WaveDAC8_Wave2Setup\000"
 1243      44414338 
 1243      5F576176 
 1243      65325365 
 1243      74757000 
 1244              	.LASF2:
 1245 019b 73686F72 		.ascii	"short int\000"
 1245      7420696E 
 1245      7400
 1246              	.LASF10:
 1247 01a5 75696E74 		.ascii	"uint16\000"
 1247      313600
 1248              	.LASF11:
 1249 01ac 75696E74 		.ascii	"uint32\000"
 1249      333200
 1250              	.LASF25:
 1251 01b3 57617665 		.ascii	"WaveDAC8_StartEx\000"
 1251      44414338 
 1251      5F537461 
 1251      72744578 
 1251      00
 1252              	.LASF8:
 1253 01c4 756E7369 		.ascii	"unsigned int\000"
 1253      676E6564 
 1253      20696E74 
 1253      00
 1254              	.LASF7:
 1255 01d1 6C6F6E67 		.ascii	"long long unsigned int\000"
 1255      206C6F6E 
 1255      6720756E 
 1255      7369676E 
 1255      65642069 
 1256              	.LASF32:
 1257 01e8 57617665 		.ascii	"WaveDAC8_Wave1TD\000"
 1257      44414338 
 1257      5F576176 
 1257      65315444 
 1257      00
 1258              	.LASF16:
 1259 01f9 73697A65 		.ascii	"sizetype\000"
 1259      74797065 
 1259      00
 1260              	.LASF6:
 1261 0202 6C6F6E67 		.ascii	"long long int\000"
 1261      206C6F6E 
 1261      6720696E 
 1261      7400
 1262              	.LASF14:
 1263 0210 63686172 		.ascii	"char\000"
 1263      00
 1264              	.LASF30:
 1265 0215 57617665 		.ascii	"WaveDAC8_Wave1Chan\000"
 1265      44414338 
 1265      5F576176 
ARM GAS  C:\Users\ecsa\AppData\Local\Temp\ccLNSXej.s 			page 30


 1265      65314368 
 1265      616E00
 1266              	.LASF35:
 1267 0228 57617665 		.ascii	"WaveDAC8_wave1\000"
 1267      44414338 
 1267      5F776176 
 1267      653100
 1268              	.LASF36:
 1269 0237 57617665 		.ascii	"WaveDAC8_wave2\000"
 1269      44414338 
 1269      5F776176 
 1269      653200
 1270              	.LASF39:
 1271 0246 433A5C55 		.ascii	"C:\\Users\\ecsa\\Desktop\\79427527\\CE95277 ADC and"
 1271      73657273 
 1271      5C656373 
 1271      615C4465 
 1271      736B746F 
 1272 0274 20554152 		.ascii	" UART.cywrk.Archive01\\CE95277 ADC and UART\\CE9527"
 1272      542E6379 
 1272      77726B2E 
 1272      41726368 
 1272      69766530 
 1273 02a5 37204144 		.ascii	"7 ADC and UART.cydsn\000"
 1273      4320616E 
 1273      64205541 
 1273      52542E63 
 1273      7964736E 
 1274              	.LASF4:
 1275 02ba 6C6F6E67 		.ascii	"long int\000"
 1275      20696E74 
 1275      00
 1276              	.LASF15:
 1277 02c3 6C6F6E67 		.ascii	"long double\000"
 1277      20646F75 
 1277      626C6500 
 1278              	.LASF0:
 1279 02cf 7369676E 		.ascii	"signed char\000"
 1279      65642063 
 1279      68617200 
 1280              	.LASF21:
 1281 02db 73616D70 		.ascii	"sampleSize1\000"
 1281      6C655369 
 1281      7A653100 
 1282              	.LASF33:
 1283 02e7 57617665 		.ascii	"WaveDAC8_Wave2TD\000"
 1283      44414338 
 1283      5F576176 
 1283      65325444 
 1283      00
 1284              	.LASF31:
 1285 02f8 57617665 		.ascii	"WaveDAC8_Wave2Chan\000"
 1285      44414338 
 1285      5F576176 
 1285      65324368 
 1285      616E00
 1286              		.ident	"GCC: (GNU Tools for ARM Embedded Processors) 5.4.1 20160609 (release) [ARM/embedded-5-bran
ARM GAS  C:\Users\ecsa\AppData\Local\Temp\ccLNSXej.s 			page 31


